This is pdfTeX, Version 3.141592653-2.6-1.40.25 (TeX Live 2023) (preloaded format=pdflatex 2023.12.12)  30 MAY 2025 15:26
entering extended mode
 restricted \write18 enabled.
 %&-line parsing enabled.
**Min_2025_supplement.tex
(./Min_2025_supplement.tex
LaTeX2e <2023-11-01>
L3 programming layer <2023-12-11>
(/Users/markusmin/Library/TinyTeX/texmf-dist/tex/latex/base/article.cls
Document Class: article 2023/05/17 v1.4n Standard LaTeX document class
(/Users/markusmin/Library/TinyTeX/texmf-dist/tex/latex/base/size10.clo
File: size10.clo 2023/05/17 v1.4n Standard LaTeX file (size option)
)
\c@part=\count187
\c@section=\count188
\c@subsection=\count189
\c@subsubsection=\count190
\c@paragraph=\count191
\c@subparagraph=\count192
\c@figure=\count193
\c@table=\count194
\abovecaptionskip=\skip48
\belowcaptionskip=\skip49
\bibindent=\dimen140
) (/Users/markusmin/Library/TinyTeX/texmf-dist/tex/latex/amsmath/amsmath.sty
Package: amsmath 2023/05/13 v2.17o AMS math features
\@mathmargin=\skip50
For additional information on amsmath, use the `?' option.
(/Users/markusmin/Library/TinyTeX/texmf-dist/tex/latex/amsmath/amstext.sty
Package: amstext 2021/08/26 v2.01 AMS text
(/Users/markusmin/Library/TinyTeX/texmf-dist/tex/latex/amsmath/amsgen.sty
File: amsgen.sty 1999/11/30 v2.0 generic functions
\@emptytoks=\toks17
\ex@=\dimen141
)) (/Users/markusmin/Library/TinyTeX/texmf-dist/tex/latex/amsmath/amsbsy.sty
Package: amsbsy 1999/11/29 v1.2d Bold Symbols
\pmbraise@=\dimen142
) (/Users/markusmin/Library/TinyTeX/texmf-dist/tex/latex/amsmath/amsopn.sty
Package: amsopn 2022/04/08 v2.04 operator names
)
\inf@bad=\count195
LaTeX Info: Redefining \frac on input line 234.
\uproot@=\count196
\leftroot@=\count197
LaTeX Info: Redefining \overline on input line 399.
LaTeX Info: Redefining \colon on input line 410.
\classnum@=\count198
\DOTSCASE@=\count199
LaTeX Info: Redefining \ldots on input line 496.
LaTeX Info: Redefining \dots on input line 499.
LaTeX Info: Redefining \cdots on input line 620.
\Mathstrutbox@=\box51
\strutbox@=\box52
LaTeX Info: Redefining \big on input line 722.
LaTeX Info: Redefining \Big on input line 723.
LaTeX Info: Redefining \bigg on input line 724.
LaTeX Info: Redefining \Bigg on input line 725.
\big@size=\dimen143
LaTeX Font Info:    Redeclaring font encoding OML on input line 743.
LaTeX Font Info:    Redeclaring font encoding OMS on input line 744.
\macc@depth=\count266
LaTeX Info: Redefining \bmod on input line 905.
LaTeX Info: Redefining \pmod on input line 910.
LaTeX Info: Redefining \smash on input line 940.
LaTeX Info: Redefining \relbar on input line 970.
LaTeX Info: Redefining \Relbar on input line 971.
\c@MaxMatrixCols=\count267
\dotsspace@=\muskip16
\c@parentequation=\count268
\dspbrk@lvl=\count269
\tag@help=\toks18
\row@=\count270
\column@=\count271
\maxfields@=\count272
\andhelp@=\toks19
\eqnshift@=\dimen144
\alignsep@=\dimen145
\tagshift@=\dimen146
\tagwidth@=\dimen147
\totwidth@=\dimen148
\lineht@=\dimen149
\@envbody=\toks20
\multlinegap=\skip51
\multlinetaggap=\skip52
\mathdisplay@stack=\toks21
LaTeX Info: Redefining \[ on input line 2953.
LaTeX Info: Redefining \] on input line 2954.
) (/Users/markusmin/Library/TinyTeX/texmf-dist/tex/latex/amsfonts/amssymb.sty
Package: amssymb 2013/01/14 v3.01 AMS font symbols
(/Users/markusmin/Library/TinyTeX/texmf-dist/tex/latex/amsfonts/amsfonts.sty
Package: amsfonts 2013/01/14 v3.01 Basic AMSFonts support
\symAMSa=\mathgroup4
\symAMSb=\mathgroup5
LaTeX Font Info:    Redeclaring math symbol \hbar on input line 98.
LaTeX Font Info:    Overwriting math alphabet `\mathfrak' in version `bold'
(Font)                  U/euf/m/n --> U/euf/b/n on input line 106.
)) (/Users/markusmin/Library/TinyTeX/texmf-dist/tex/generic/iftex/iftex.sty
Package: iftex 2022/02/03 v1.0f TeX engine tests
) (/Users/markusmin/Library/TinyTeX/texmf-dist/tex/latex/base/fontenc.sty
Package: fontenc 2021/04/29 v2.0v Standard LaTeX package
) (/Users/markusmin/Library/TinyTeX/texmf-dist/tex/latex/base/inputenc.sty
Package: inputenc 2021/02/14 v1.3d Input encoding file
\inpenc@prehook=\toks22
\inpenc@posthook=\toks23
) (/Users/markusmin/Library/TinyTeX/texmf-dist/tex/latex/base/textcomp.sty
Package: textcomp 2020/02/02 v2.0n Standard LaTeX package
) (/Users/markusmin/Library/TinyTeX/texmf-dist/tex/latex/lm/lmodern.sty
Package: lmodern 2015/05/01 v1.6.1 Latin Modern Fonts
LaTeX Font Info:    Overwriting symbol font `operators' in version `normal'
(Font)                  OT1/cmr/m/n --> OT1/lmr/m/n on input line 22.
LaTeX Font Info:    Overwriting symbol font `letters' in version `normal'
(Font)                  OML/cmm/m/it --> OML/lmm/m/it on input line 23.
LaTeX Font Info:    Overwriting symbol font `symbols' in version `normal'
(Font)                  OMS/cmsy/m/n --> OMS/lmsy/m/n on input line 24.
LaTeX Font Info:    Overwriting symbol font `largesymbols' in version `normal'
(Font)                  OMX/cmex/m/n --> OMX/lmex/m/n on input line 25.
LaTeX Font Info:    Overwriting symbol font `operators' in version `bold'
(Font)                  OT1/cmr/bx/n --> OT1/lmr/bx/n on input line 26.
LaTeX Font Info:    Overwriting symbol font `letters' in version `bold'
(Font)                  OML/cmm/b/it --> OML/lmm/b/it on input line 27.
LaTeX Font Info:    Overwriting symbol font `symbols' in version `bold'
(Font)                  OMS/cmsy/b/n --> OMS/lmsy/b/n on input line 28.
LaTeX Font Info:    Overwriting symbol font `largesymbols' in version `bold'
(Font)                  OMX/cmex/m/n --> OMX/lmex/m/n on input line 29.
LaTeX Font Info:    Overwriting math alphabet `\mathbf' in version `normal'
(Font)                  OT1/cmr/bx/n --> OT1/lmr/bx/n on input line 31.
LaTeX Font Info:    Overwriting math alphabet `\mathsf' in version `normal'
(Font)                  OT1/cmss/m/n --> OT1/lmss/m/n on input line 32.
LaTeX Font Info:    Overwriting math alphabet `\mathit' in version `normal'
(Font)                  OT1/cmr/m/it --> OT1/lmr/m/it on input line 33.
LaTeX Font Info:    Overwriting math alphabet `\mathtt' in version `normal'
(Font)                  OT1/cmtt/m/n --> OT1/lmtt/m/n on input line 34.
LaTeX Font Info:    Overwriting math alphabet `\mathbf' in version `bold'
(Font)                  OT1/cmr/bx/n --> OT1/lmr/bx/n on input line 35.
LaTeX Font Info:    Overwriting math alphabet `\mathsf' in version `bold'
(Font)                  OT1/cmss/bx/n --> OT1/lmss/bx/n on input line 36.
LaTeX Font Info:    Overwriting math alphabet `\mathit' in version `bold'
(Font)                  OT1/cmr/bx/it --> OT1/lmr/bx/it on input line 37.
LaTeX Font Info:    Overwriting math alphabet `\mathtt' in version `bold'
(Font)                  OT1/cmtt/m/n --> OT1/lmtt/m/n on input line 38.
) (/Users/markusmin/Library/TinyTeX/texmf-dist/tex/latex/upquote/upquote.sty
Package: upquote 2012/04/19 v1.3 upright-quote and grave-accent glyphs in verbatim
) (/Users/markusmin/Library/TinyTeX/texmf-dist/tex/latex/microtype/microtype.sty
Package: microtype 2023/03/13 v3.1a Micro-typographical refinements (RS)
(/Users/markusmin/Library/TinyTeX/texmf-dist/tex/latex/graphics/keyval.sty
Package: keyval 2022/05/29 v1.15 key=value parser (DPC)
\KV@toks@=\toks24
) (/Users/markusmin/Library/TinyTeX/texmf-dist/tex/latex/etoolbox/etoolbox.sty
Package: etoolbox 2020/10/05 v2.5k e-TeX tools for LaTeX (JAW)
\etb@tempcnta=\count273
)
\MT@toks=\toks25
\MT@tempbox=\box53
\MT@count=\count274
LaTeX Info: Redefining \noprotrusionifhmode on input line 1059.
LaTeX Info: Redefining \leftprotrusion on input line 1060.
\MT@prot@toks=\toks26
LaTeX Info: Redefining \rightprotrusion on input line 1078.
LaTeX Info: Redefining \textls on input line 1368.
\MT@outer@kern=\dimen150
LaTeX Info: Redefining \textmicrotypecontext on input line 1988.
\MT@listname@count=\count275
(/Users/markusmin/Library/TinyTeX/texmf-dist/tex/latex/microtype/microtype-pdftex.def
File: microtype-pdftex.def 2023/03/13 v3.1a Definitions specific to pdftex (RS)
LaTeX Info: Redefining \lsstyle on input line 902.
LaTeX Info: Redefining \lslig on input line 902.
\MT@outer@space=\skip53
)
Package microtype Info: Loading configuration file microtype.cfg.
(/Users/markusmin/Library/TinyTeX/texmf-dist/tex/latex/microtype/microtype.cfg
File: microtype.cfg 2023/03/13 v3.1a microtype main configuration file (RS)
)) (/Users/markusmin/Library/TinyTeX/texmf-dist/tex/latex/parskip/parskip.sty
Package: parskip 2021-03-14 v2.0h non-zero parskip adjustments
(/Users/markusmin/Library/TinyTeX/texmf-dist/tex/latex/kvoptions/kvoptions.sty
Package: kvoptions 2022-06-15 v3.15 Key value format for package options (HO)
(/Users/markusmin/Library/TinyTeX/texmf-dist/tex/generic/ltxcmds/ltxcmds.sty
Package: ltxcmds 2023-12-04 v1.26 LaTeX kernel commands for general use (HO)
) (/Users/markusmin/Library/TinyTeX/texmf-dist/tex/latex/kvsetkeys/kvsetkeys.sty
Package: kvsetkeys 2022-10-05 v1.19 Key value parser (HO)
))) (/Users/markusmin/Library/TinyTeX/texmf-dist/tex/latex/xcolor/xcolor.sty
Package: xcolor 2023/11/15 v3.01 LaTeX color extensions (UK)
(/Users/markusmin/Library/TinyTeX/texmf-dist/tex/latex/graphics-cfg/color.cfg
File: color.cfg 2016/01/02 v1.6 sample color configuration
)
Package xcolor Info: Driver file: pdftex.def on input line 274.
(/Users/markusmin/Library/TinyTeX/texmf-dist/tex/latex/graphics-def/pdftex.def
File: pdftex.def 2022/09/22 v1.2b Graphics/color driver for pdftex
) (/Users/markusmin/Library/TinyTeX/texmf-dist/tex/latex/graphics/mathcolor.ltx)
Package xcolor Info: Model `cmy' substituted by `cmy0' on input line 1350.
Package xcolor Info: Model `hsb' substituted by `rgb' on input line 1354.
Package xcolor Info: Model `RGB' extended on input line 1366.
Package xcolor Info: Model `HTML' substituted by `rgb' on input line 1368.
Package xcolor Info: Model `Hsb' substituted by `hsb' on input line 1369.
Package xcolor Info: Model `tHsb' substituted by `hsb' on input line 1370.
Package xcolor Info: Model `HSB' substituted by `hsb' on input line 1371.
Package xcolor Info: Model `Gray' substituted by `gray' on input line 1372.
Package xcolor Info: Model `wave' substituted by `hsb' on input line 1373.
) (/Users/markusmin/Library/TinyTeX/texmf-dist/tex/latex/geometry/geometry.sty
Package: geometry 2020/01/02 v5.9 Page Geometry
(/Users/markusmin/Library/TinyTeX/texmf-dist/tex/generic/iftex/ifvtex.sty
Package: ifvtex 2019/10/25 v1.7 ifvtex legacy package. Use iftex instead.
)
\Gm@cnth=\count276
\Gm@cntv=\count277
\c@Gm@tempcnt=\count278
\Gm@bindingoffset=\dimen151
\Gm@wd@mp=\dimen152
\Gm@odd@mp=\dimen153
\Gm@even@mp=\dimen154
\Gm@layoutwidth=\dimen155
\Gm@layoutheight=\dimen156
\Gm@layouthoffset=\dimen157
\Gm@layoutvoffset=\dimen158
\Gm@dimlist=\toks27
) (/Users/markusmin/Library/TinyTeX/texmf-dist/tex/latex/tools/longtable.sty
Package: longtable 2023-11-01 v4.19 Multi-page Table package (DPC)
\LTleft=\skip54
\LTright=\skip55
\LTpre=\skip56
\LTpost=\skip57
\LTchunksize=\count279
\LTcapwidth=\dimen159
\LT@head=\box54
\LT@firsthead=\box55
\LT@foot=\box56
\LT@lastfoot=\box57
\LT@gbox=\box58
\LT@cols=\count280
\LT@rows=\count281
\c@LT@tables=\count282
\c@LT@chunks=\count283
\LT@p@ftn=\toks28
) (/Users/markusmin/Library/TinyTeX/texmf-dist/tex/latex/booktabs/booktabs.sty
Package: booktabs 2020/01/12 v1.61803398 Publication quality tables
\heavyrulewidth=\dimen160
\lightrulewidth=\dimen161
\cmidrulewidth=\dimen162
\belowrulesep=\dimen163
\belowbottomsep=\dimen164
\aboverulesep=\dimen165
\abovetopsep=\dimen166
\cmidrulesep=\dimen167
\cmidrulekern=\dimen168
\defaultaddspace=\dimen169
\@cmidla=\count284
\@cmidlb=\count285
\@aboverulesep=\dimen170
\@belowrulesep=\dimen171
\@thisruleclass=\count286
\@lastruleclass=\count287
\@thisrulewidth=\dimen172
) (/Users/markusmin/Library/TinyTeX/texmf-dist/tex/latex/tools/array.sty
Package: array 2023/10/16 v2.5g Tabular extension package (FMi)
\col@sep=\dimen173
\ar@mcellbox=\box59
\extrarowheight=\dimen174
\NC@list=\toks29
\extratabsurround=\skip58
\backup@length=\skip59
\ar@cellbox=\box60
) (/Users/markusmin/Library/TinyTeX/texmf-dist/tex/latex/tools/calc.sty
Package: calc 2023/07/08 v4.3 Infix arithmetic (KKT,FJ)
\calc@Acount=\count288
\calc@Bcount=\count289
\calc@Adimen=\dimen175
\calc@Bdimen=\dimen176
\calc@Askip=\skip60
\calc@Bskip=\skip61
LaTeX Info: Redefining \setlength on input line 80.
LaTeX Info: Redefining \addtolength on input line 81.
\calc@Ccount=\count290
\calc@Cskip=\skip62
) (/Users/markusmin/Library/TinyTeX/texmf-dist/tex/latex/footnotehyper/footnotehyper.sty
Package: footnotehyper 2021/08/13 v1.1e hyperref aware footnote.sty (JFB)
\FNH@notes=\box61
\FNH@width=\dimen177
\FNH@toks=\toks30
) (/Users/markusmin/Library/TinyTeX/texmf-dist/tex/latex/graphics/graphicx.sty
Package: graphicx 2021/09/16 v1.2d Enhanced LaTeX Graphics (DPC,SPQR)
(/Users/markusmin/Library/TinyTeX/texmf-dist/tex/latex/graphics/graphics.sty
Package: graphics 2022/03/10 v1.4e Standard LaTeX Graphics (DPC,SPQR)
(/Users/markusmin/Library/TinyTeX/texmf-dist/tex/latex/graphics/trig.sty
Package: trig 2021/08/11 v1.11 sin cos tan (DPC)
) (/Users/markusmin/Library/TinyTeX/texmf-dist/tex/latex/graphics-cfg/graphics.cfg
File: graphics.cfg 2016/06/04 v1.11 sample graphics configuration
)
Package graphics Info: Driver file: pdftex.def on input line 107.
)
\Gin@req@height=\dimen178
\Gin@req@width=\dimen179
) (/Users/markusmin/Library/TinyTeX/texmf-dist/tex/latex/multirow/multirow.sty
Package: multirow 2021/03/15 v2.8 Span multiple rows of a table
\multirow@colwidth=\skip63
\multirow@cntb=\count291
\multirow@dima=\skip64
\bigstrutjot=\dimen180
) (/Users/markusmin/Library/TinyTeX/texmf-dist/tex/latex/wrapfig/wrapfig.sty
\wrapoverhang=\dimen181
\WF@size=\dimen182
\c@WF@wrappedlines=\count292
\WF@box=\box62
\WF@everypar=\toks31
Package: wrapfig 2003/01/31  v 3.6
) (/Users/markusmin/Library/TinyTeX/texmf-dist/tex/latex/float/float.sty
Package: float 2001/11/08 v1.3d Float enhancements (AL)
\c@float@type=\count293
\float@exts=\toks32
\float@box=\box63
\@float@everytoks=\toks33
\@floatcapt=\box64
) (/Users/markusmin/Library/TinyTeX/texmf-dist/tex/latex/colortbl/colortbl.sty
Package: colortbl 2022/06/20 v1.0f Color table columns (DPC)
\everycr=\toks34
\minrowclearance=\skip65
\rownum=\count294
) (/Users/markusmin/Library/TinyTeX/texmf-dist/tex/latex/pdflscape/pdflscape.sty
Package: pdflscape 2022-10-27 v0.13 Display of landscape pages in PDF
(/Users/markusmin/Library/TinyTeX/texmf-dist/tex/latex/pdflscape/pdflscape-nometadata.sty
Package: pdflscape-nometadata 2022-10-28 v0.13 Display of landscape pages in PDF (HO)
(/Users/markusmin/Library/TinyTeX/texmf-dist/tex/latex/graphics/lscape.sty
Package: lscape 2020/05/28 v3.02 Landscape Pages (DPC)
)
Package pdflscape Info: Auto-detected driver: pdftex on input line 81.
)) (/Users/markusmin/Library/TinyTeX/texmf-dist/tex/latex/tabu/tabu.sty
Package: tabu 2019/01/11 v2.9 - flexible LaTeX tabulars (FC+tabu-fixed)
(/Users/markusmin/Library/TinyTeX/texmf-dist/tex/latex/varwidth/varwidth.sty
Package: varwidth 2009/03/30 ver 0.92;  Variable-width minipages
\@vwid@box=\box65
\sift@deathcycles=\count295
\@vwid@loff=\dimen183
\@vwid@roff=\dimen184
)
\c@taburow=\count296
\tabu@nbcols=\count297
\tabu@cnt=\count298
\tabu@Xcol=\count299
\tabu@alloc=\count300
\tabu@nested=\count301
\tabu@target=\dimen185
\tabu@spreadtarget=\dimen186
\tabu@naturalX=\dimen187
\tabucolX=\dimen188
\tabu@Xsum=\dimen189
\extrarowdepth=\dimen190
\abovetabulinesep=\dimen191
\belowtabulinesep=\dimen192
\tabustrutrule=\dimen193
\tabu@thebody=\toks35
\tabu@footnotes=\toks36
\tabu@box=\box66
\tabu@arstrutbox=\box67
\tabu@hleads=\box68
\tabu@vleads=\box69
\tabu@cellskip=\skip66
) (/Users/markusmin/Library/TinyTeX/texmf-dist/tex/latex/threeparttable/threeparttable.sty
Package: threeparttable 2003/06/13  v 3.0
\@tempboxb=\box70
) (/Users/markusmin/Library/TinyTeX/texmf-dist/tex/latex/threeparttablex/threeparttablex.sty
Package: threeparttablex 2013/07/23 v0.3 by daleif
(/Users/markusmin/Library/TinyTeX/texmf-dist/tex/latex/environ/environ.sty
Package: environ 2014/05/04 v0.3 A new way to define environments
(/Users/markusmin/Library/TinyTeX/texmf-dist/tex/latex/trimspaces/trimspaces.sty
Package: trimspaces 2009/09/17 v1.1 Trim spaces around a token list
))
\TPTL@width=\skip67
) (/Users/markusmin/Library/TinyTeX/texmf-dist/tex/generic/ulem/ulem.sty
\UL@box=\box71
\UL@hyphenbox=\box72
\UL@skip=\skip68
\UL@hook=\toks37
\UL@height=\dimen194
\UL@pe=\count302
\UL@pixel=\dimen195
\ULC@box=\box73
Package: ulem 2019/11/18
\ULdepth=\dimen196
) (/Users/markusmin/Library/TinyTeX/texmf-dist/tex/latex/makecell/makecell.sty
Package: makecell 2009/08/03 V0.1e Managing of Tab Column Heads and Cells
\rotheadsize=\dimen197
\c@nlinenum=\count303
\TeXr@lab=\toks38
) (/Users/markusmin/Library/TinyTeX/texmf-dist/tex/latex/bookmark/bookmark.sty
Package: bookmark 2023-12-10 v1.31 PDF bookmarks (HO)
(/Users/markusmin/Library/TinyTeX/texmf-dist/tex/latex/hyperref/hyperref.sty
Package: hyperref 2023-11-26 v7.01g Hypertext links for LaTeX
(/Users/markusmin/Library/TinyTeX/texmf-dist/tex/generic/infwarerr/infwarerr.sty
Package: infwarerr 2019/12/03 v1.5 Providing info/warning/error messages (HO)
) (/Users/markusmin/Library/TinyTeX/texmf-dist/tex/generic/kvdefinekeys/kvdefinekeys.sty
Package: kvdefinekeys 2019-12-19 v1.6 Define keys (HO)
) (/Users/markusmin/Library/TinyTeX/texmf-dist/tex/generic/pdfescape/pdfescape.sty
Package: pdfescape 2019/12/09 v1.15 Implements pdfTeX's escape features (HO)
(/Users/markusmin/Library/TinyTeX/texmf-dist/tex/generic/pdftexcmds/pdftexcmds.sty
Package: pdftexcmds 2020-06-27 v0.33 Utility functions of pdfTeX for LuaTeX (HO)
Package pdftexcmds Info: \pdf@primitive is available.
Package pdftexcmds Info: \pdf@ifprimitive is available.
Package pdftexcmds Info: \pdfdraftmode found.
)) (/Users/markusmin/Library/TinyTeX/texmf-dist/tex/latex/hycolor/hycolor.sty
Package: hycolor 2020-01-27 v1.10 Color options for hyperref/bookmark (HO)
) (/Users/markusmin/Library/TinyTeX/texmf-dist/tex/latex/letltxmacro/letltxmacro.sty
Package: letltxmacro 2019/12/03 v1.6 Let assignment for LaTeX macros (HO)
) (/Users/markusmin/Library/TinyTeX/texmf-dist/tex/latex/auxhook/auxhook.sty
Package: auxhook 2019-12-17 v1.6 Hooks for auxiliary files (HO)
) (/Users/markusmin/Library/TinyTeX/texmf-dist/tex/latex/hyperref/nameref.sty
Package: nameref 2023-11-26 v2.56 Cross-referencing by name of section
(/Users/markusmin/Library/TinyTeX/texmf-dist/tex/latex/refcount/refcount.sty
Package: refcount 2019/12/15 v3.6 Data extraction from label references (HO)
) (/Users/markusmin/Library/TinyTeX/texmf-dist/tex/generic/gettitlestring/gettitlestring.sty
Package: gettitlestring 2019/12/15 v1.6 Cleanup title references (HO)
)
\c@section@level=\count304
)
\@linkdim=\dimen198
\Hy@linkcounter=\count305
\Hy@pagecounter=\count306
(/Users/markusmin/Library/TinyTeX/texmf-dist/tex/latex/hyperref/pd1enc.def
File: pd1enc.def 2023-11-26 v7.01g Hyperref: PDFDocEncoding definition (HO)
Now handling font encoding PD1 ...
... no UTF-8 mapping file for font encoding PD1
) (/Users/markusmin/Library/TinyTeX/texmf-dist/tex/generic/intcalc/intcalc.sty
Package: intcalc 2019/12/15 v1.3 Expandable calculations with integers (HO)
)
\Hy@SavedSpaceFactor=\count307
(/Users/markusmin/Library/TinyTeX/texmf-dist/tex/latex/hyperref/puenc.def
File: puenc.def 2023-11-26 v7.01g Hyperref: PDF Unicode definition (HO)
Now handling font encoding PU ...
... no UTF-8 mapping file for font encoding PU
)
Package hyperref Info: Option `unicode' set `true' on input line 4064.
Package hyperref Info: Hyper figures OFF on input line 4181.
Package hyperref Info: Link nesting OFF on input line 4186.
Package hyperref Info: Hyper index ON on input line 4189.
Package hyperref Info: Plain pages OFF on input line 4196.
Package hyperref Info: Backreferencing OFF on input line 4201.
Package hyperref Info: Implicit mode ON; LaTeX internals redefined.
Package hyperref Info: Bookmarks ON on input line 4448.
\c@Hy@tempcnt=\count308
(/Users/markusmin/Library/TinyTeX/texmf-dist/tex/latex/url/url.sty
\Urlmuskip=\muskip17
Package: url 2013/09/16  ver 3.4  Verb mode for urls, etc.
)
LaTeX Info: Redefining \url on input line 4786.
\XeTeXLinkMargin=\dimen199
(/Users/markusmin/Library/TinyTeX/texmf-dist/tex/generic/bitset/bitset.sty
Package: bitset 2019/12/09 v1.3 Handle bit-vector datatype (HO)
(/Users/markusmin/Library/TinyTeX/texmf-dist/tex/generic/bigintcalc/bigintcalc.sty
Package: bigintcalc 2019/12/15 v1.5 Expandable calculations on big integers (HO)
))
\Fld@menulength=\count309
\Field@Width=\dimen256
\Fld@charsize=\dimen257
Package hyperref Info: Hyper figures OFF on input line 6065.
Package hyperref Info: Link nesting OFF on input line 6070.
Package hyperref Info: Hyper index ON on input line 6073.
Package hyperref Info: backreferencing OFF on input line 6080.
Package hyperref Info: Link coloring OFF on input line 6085.
Package hyperref Info: Link coloring with OCG OFF on input line 6090.
Package hyperref Info: PDF/A mode OFF on input line 6095.
(/Users/markusmin/Library/TinyTeX/texmf-dist/tex/latex/base/atbegshi-ltx.sty
Package: atbegshi-ltx 2021/01/10 v1.0c Emulation of the original atbegshi
package with kernel methods
)
\Hy@abspage=\count310
\c@Item=\count311
\c@Hfootnote=\count312
)
Package hyperref Info: Driver (autodetected): hpdftex.
(/Users/markusmin/Library/TinyTeX/texmf-dist/tex/latex/hyperref/hpdftex.def
File: hpdftex.def 2023-11-26 v7.01g Hyperref driver for pdfTeX
(/Users/markusmin/Library/TinyTeX/texmf-dist/tex/latex/base/atveryend-ltx.sty
Package: atveryend-ltx 2020/08/19 v1.0a Emulation of the original atveryend package
with kernel methods
)
\Fld@listcount=\count313
\c@bookmark@seq@number=\count314
(/Users/markusmin/Library/TinyTeX/texmf-dist/tex/latex/rerunfilecheck/rerunfilecheck.sty
Package: rerunfilecheck 2022-07-10 v1.10 Rerun checks for auxiliary files (HO)
(/Users/markusmin/Library/TinyTeX/texmf-dist/tex/generic/uniquecounter/uniquecounter.sty
Package: uniquecounter 2019/12/15 v1.4 Provide unlimited unique counter (HO)
)
Package uniquecounter Info: New unique counter `rerunfilecheck' on input line 285.
)
\Hy@SectionHShift=\skip69
) (/Users/markusmin/Library/TinyTeX/texmf-dist/tex/latex/bookmark/bkm-pdftex.def
File: bkm-pdftex.def 2023-12-10 v1.31 bookmark driver for pdfTeX and luaTeX (HO)
\BKM@id=\count315
)) (/Users/markusmin/Library/TinyTeX/texmf-dist/tex/latex/xurl/xurl.sty
Package: xurl 2022/01/09 v 0.10 modify URL breaks
)
LaTeX Font Info:    Trying to load font information for T1+lmr on input line 105.
(/Users/markusmin/Library/TinyTeX/texmf-dist/tex/latex/lm/t1lmr.fd
File: t1lmr.fd 2015/05/01 v1.6.1 Font defs for Latin Modern
) (/Users/markusmin/Library/TinyTeX/texmf-dist/tex/latex/l3backend/l3backend-pdftex.def
File: l3backend-pdftex.def 2023-11-09 L3 backend support: PDF output (pdfTeX)
\l__color_backend_stack_int=\count316
\l__pdf_internal_box=\box74
) (./Min_2025_supplement.aux

LaTeX Warning: Label `tab:unnamed-chunk-6' multiply defined.


LaTeX Warning: Label `tab:unnamed-chunk-7' multiply defined.


LaTeX Warning: Label `tab:unnamed-chunk-8' multiply defined.


LaTeX Warning: Label `tab:unnamed-chunk-9' multiply defined.


LaTeX Warning: Label `tab:unnamed-chunk-10' multiply defined.


LaTeX Warning: Label `tab:unnamed-chunk-11' multiply defined.


LaTeX Warning: Label `tab:unnamed-chunk-12' multiply defined.


LaTeX Warning: Label `tab:unnamed-chunk-13' multiply defined.

)
\openout1 = `Min_2025_supplement.aux'.

LaTeX Font Info:    Checking defaults for OML/cmm/m/it on input line 105.
LaTeX Font Info:    ... okay on input line 105.
LaTeX Font Info:    Checking defaults for OMS/cmsy/m/n on input line 105.
LaTeX Font Info:    ... okay on input line 105.
LaTeX Font Info:    Checking defaults for OT1/cmr/m/n on input line 105.
LaTeX Font Info:    ... okay on input line 105.
LaTeX Font Info:    Checking defaults for T1/cmr/m/n on input line 105.
LaTeX Font Info:    ... okay on input line 105.
LaTeX Font Info:    Checking defaults for TS1/cmr/m/n on input line 105.
LaTeX Font Info:    ... okay on input line 105.
LaTeX Font Info:    Checking defaults for OMX/cmex/m/n on input line 105.
LaTeX Font Info:    ... okay on input line 105.
LaTeX Font Info:    Checking defaults for U/cmr/m/n on input line 105.
LaTeX Font Info:    ... okay on input line 105.
LaTeX Font Info:    Checking defaults for PD1/pdf/m/n on input line 105.
LaTeX Font Info:    ... okay on input line 105.
LaTeX Font Info:    Checking defaults for PU/pdf/m/n on input line 105.
LaTeX Font Info:    ... okay on input line 105.
LaTeX Info: Redefining \microtypecontext on input line 105.
Package microtype Info: Applying patch `item' on input line 105.
Package microtype Info: Applying patch `toc' on input line 105.
Package microtype Info: Applying patch `eqnum' on input line 105.
Package microtype Info: Applying patch `footnote' on input line 105.
Package microtype Info: Applying patch `verbatim' on input line 105.
Package microtype Info: Generating PDF output.
Package microtype Info: Character protrusion enabled (level 2).
Package microtype Info: Using protrusion set `basicmath'.
Package microtype Info: Automatic font expansion enabled (level 2),
(microtype)             stretch: 20, shrink: 20, step: 1, non-selected.
Package microtype Info: Using default expansion set `alltext-nott'.
LaTeX Info: Redefining \showhyphens on input line 105.
Package microtype Info: No adjustment of tracking.
Package microtype Info: No adjustment of interword spacing.
Package microtype Info: No adjustment of character kerning.
(/Users/markusmin/Library/TinyTeX/texmf-dist/tex/latex/microtype/mt-cmr.cfg
File: mt-cmr.cfg 2013/05/19 v2.2 microtype config. file: Computer Modern Roman (RS)
) (/Users/markusmin/Library/TinyTeX/texmf-dist/tex/context/base/mkii/supp-pdf.mkii
[Loading MPS to PDF converter (version 2006.09.02).]
\scratchcounter=\count317
\scratchdimen=\dimen258
\scratchbox=\box75
\nofMPsegments=\count318
\nofMParguments=\count319
\everyMPshowfont=\toks39
\MPscratchCnt=\count320
\MPscratchDim=\dimen259
\MPnumerator=\count321
\makeMPintoPDFobject=\count322
\everyMPtoPDFconversion=\toks40
) (/Users/markusmin/Library/TinyTeX/texmf-dist/tex/latex/epstopdf-pkg/epstopdf-base.sty
Package: epstopdf-base 2020-01-24 v2.11 Base part for package epstopdf
Package epstopdf-base Info: Redefining graphics rule for `.eps' on input line 485.
(/Users/markusmin/Library/TinyTeX/texmf-dist/tex/latex/latexconfig/epstopdf-sys.cfg
File: epstopdf-sys.cfg 2010/07/13 v1.3 Configuration of (r)epstopdf for TeX Live
))
*geometry* driver: auto-detecting
*geometry* detected driver: pdftex
*geometry* verbose mode - [ preamble ] result:
* driver: pdftex
* paper: <default>
* layout: <same size as paper>
* layoutoffset:(h,v)=(0.0pt,0.0pt)
* modes: 
* h-part:(L,W,R)=(72.26999pt, 469.75502pt, 72.26999pt)
* v-part:(T,H,B)=(72.26999pt, 650.43001pt, 72.26999pt)
* \paperwidth=614.295pt
* \paperheight=794.96999pt
* \textwidth=469.75502pt
* \textheight=650.43001pt
* \oddsidemargin=0.0pt
* \evensidemargin=0.0pt
* \topmargin=-37.0pt
* \headheight=12.0pt
* \headsep=25.0pt
* \topskip=10.0pt
* \footskip=30.0pt
* \marginparwidth=65.0pt
* \marginparsep=11.0pt
* \columnsep=10.0pt
* \skip\footins=9.0pt plus 4.0pt minus 2.0pt
* \hoffset=0.0pt
* \voffset=0.0pt
* \mag=1000
* \@twocolumnfalse
* \@twosidefalse
* \@mparswitchfalse
* \@reversemarginfalse
* (1in=72.27pt=25.4mm, 1cm=28.453pt)

Package hyperref Info: Link coloring OFF on input line 105.
LaTeX Font Info:    Trying to load font information for OT1+lmr on input line 107.
(/Users/markusmin/Library/TinyTeX/texmf-dist/tex/latex/lm/ot1lmr.fd
File: ot1lmr.fd 2015/05/01 v1.6.1 Font defs for Latin Modern
)
LaTeX Font Info:    Trying to load font information for OML+lmm on input line 107.
(/Users/markusmin/Library/TinyTeX/texmf-dist/tex/latex/lm/omllmm.fd
File: omllmm.fd 2015/05/01 v1.6.1 Font defs for Latin Modern
)
LaTeX Font Info:    Trying to load font information for OMS+lmsy on input line 107.
(/Users/markusmin/Library/TinyTeX/texmf-dist/tex/latex/lm/omslmsy.fd
File: omslmsy.fd 2015/05/01 v1.6.1 Font defs for Latin Modern
)
LaTeX Font Info:    Trying to load font information for OMX+lmex on input line 107.
(/Users/markusmin/Library/TinyTeX/texmf-dist/tex/latex/lm/omxlmex.fd
File: omxlmex.fd 2015/05/01 v1.6.1 Font defs for Latin Modern
)
LaTeX Font Info:    External font `lmex10' loaded for size
(Font)              <12> on input line 107.
LaTeX Font Info:    External font `lmex10' loaded for size
(Font)              <8> on input line 107.
LaTeX Font Info:    External font `lmex10' loaded for size
(Font)              <6> on input line 107.
LaTeX Font Info:    Trying to load font information for U+msa on input line 107.
(/Users/markusmin/Library/TinyTeX/texmf-dist/tex/latex/amsfonts/umsa.fd
File: umsa.fd 2013/01/14 v3.01 AMS symbols A
) (/Users/markusmin/Library/TinyTeX/texmf-dist/tex/latex/microtype/mt-msa.cfg
File: mt-msa.cfg 2006/02/04 v1.1 microtype config. file: AMS symbols (a) (RS)
)
LaTeX Font Info:    Trying to load font information for U+msb on input line 107.
(/Users/markusmin/Library/TinyTeX/texmf-dist/tex/latex/amsfonts/umsb.fd
File: umsb.fd 2013/01/14 v3.01 AMS symbols B
) (/Users/markusmin/Library/TinyTeX/texmf-dist/tex/latex/microtype/mt-msb.cfg
File: mt-msb.cfg 2005/06/01 v1.0 microtype config. file: AMS symbols (b) (RS)
) (./Min_2025_supplement.toc
LaTeX Font Info:    External font `lmex10' loaded for size
(Font)              <10> on input line 1.
LaTeX Font Info:    External font `lmex10' loaded for size
(Font)              <7> on input line 1.
LaTeX Font Info:    External font `lmex10' loaded for size
(Font)              <5> on input line 1.
)
\tf@toc=\write3
\openout3 = `Min_2025_supplement.toc'.

[1

{/Users/markusmin/Library/TinyTeX/texmf-var/fonts/map/pdftex/updmap/pdftex.map}{/Users/markusmin/Library/TinyTeX/texmf-dist/fonts/enc/dvips/lm/lm-ec.enc}] [2]
Overfull \hbox (399.25864pt too wide) in paragraph at lines 291--348
 [][] 
 []

[3{/Users/markusmin/Library/TinyTeX/texmf-dist/fonts/enc/dvips/lm/lm-mathit.enc}{/Users/markusmin/Library/TinyTeX/texmf-dist/fonts/enc/dvips/lm/lm-mathsy.enc}{/Users/markusmin/Library/TinyTeX/texmf-dist/fonts/enc/dvips/lm/lm-rm.enc}] [4]
<Min_2025_supplement_files/figure-latex/unnamed-chunk-6-1.pdf, id=62, 469.755pt x 325.215pt>
File: Min_2025_supplement_files/figure-latex/unnamed-chunk-6-1.pdf Graphic file (type pdf)
<use Min_2025_supplement_files/figure-latex/unnamed-chunk-6-1.pdf>
Package pdftex.def Info: Min_2025_supplement_files/figure-latex/unnamed-chunk-6-1.pdf  used on input line 410.
(pdftex.def)             Requested size: 469.75386pt x 325.2142pt.
<Min_2025_supplement_files/figure-latex/unnamed-chunk-6-2.pdf, id=63, 469.755pt x 325.215pt>
File: Min_2025_supplement_files/figure-latex/unnamed-chunk-6-2.pdf Graphic file (type pdf)
<use Min_2025_supplement_files/figure-latex/unnamed-chunk-6-2.pdf>
Package pdftex.def Info: Min_2025_supplement_files/figure-latex/unnamed-chunk-6-2.pdf  used on input line 411.
(pdftex.def)             Requested size: 469.75386pt x 325.2142pt.

Overfull \hbox (87.91196pt too wide) in paragraph at lines 410--412
 []\T1/lmr/bx/n/10 (-20) Bonneville Dam[] []
 []

[5] [6]
Overfull \vbox (0.9984pt too high) has occurred while \output is active []

[7 <./Min_2025_supplement_files/figure-latex/unnamed-chunk-6-1.pdf> <./Min_2025_supplement_files/figure-latex/unnamed-chunk-6-2.pdf>]
<Min_2025_supplement_files/figure-latex/unnamed-chunk-7-1.pdf, id=91, 469.755pt x 325.215pt>
File: Min_2025_supplement_files/figure-latex/unnamed-chunk-7-1.pdf Graphic file (type pdf)
<use Min_2025_supplement_files/figure-latex/unnamed-chunk-7-1.pdf>
Package pdftex.def Info: Min_2025_supplement_files/figure-latex/unnamed-chunk-7-1.pdf  used on input line 513.
(pdftex.def)             Requested size: 469.75386pt x 325.2142pt.
<Min_2025_supplement_files/figure-latex/unnamed-chunk-7-2.pdf, id=92, 469.755pt x 325.215pt>
File: Min_2025_supplement_files/figure-latex/unnamed-chunk-7-2.pdf Graphic file (type pdf)
<use Min_2025_supplement_files/figure-latex/unnamed-chunk-7-2.pdf>
Package pdftex.def Info: Min_2025_supplement_files/figure-latex/unnamed-chunk-7-2.pdf  used on input line 514.
(pdftex.def)             Requested size: 469.75386pt x 325.2142pt.

Overfull \hbox (76.66151pt too wide) in paragraph at lines 513--515
 []\T1/lmr/bx/n/10 (-20) McNary Dam[] []
 []

[8] [9]
Overfull \vbox (2.94283pt too high) has occurred while \output is active []

[10 <./Min_2025_supplement_files/figure-latex/unnamed-chunk-7-1.pdf> <./Min_2025_supplement_files/figure-latex/unnamed-chunk-7-2.pdf>]
<Min_2025_supplement_files/figure-latex/unnamed-chunk-8-1.pdf, id=119, 469.755pt x 325.215pt>
File: Min_2025_supplement_files/figure-latex/unnamed-chunk-8-1.pdf Graphic file (type pdf)
<use Min_2025_supplement_files/figure-latex/unnamed-chunk-8-1.pdf>
Package pdftex.def Info: Min_2025_supplement_files/figure-latex/unnamed-chunk-8-1.pdf  used on input line 616.
(pdftex.def)             Requested size: 469.75386pt x 325.2142pt.
<Min_2025_supplement_files/figure-latex/unnamed-chunk-8-2.pdf, id=120, 469.755pt x 325.215pt>
File: Min_2025_supplement_files/figure-latex/unnamed-chunk-8-2.pdf Graphic file (type pdf)
<use Min_2025_supplement_files/figure-latex/unnamed-chunk-8-2.pdf>
Package pdftex.def Info: Min_2025_supplement_files/figure-latex/unnamed-chunk-8-2.pdf  used on input line 617.
(pdftex.def)             Requested size: 469.75386pt x 325.2142pt.

Overfull \hbox (102.12018pt too wide) in paragraph at lines 616--618
 []\T1/lmr/bx/n/10 (-20) Priest Rapids Dam[] []
 []

[11] [12]
Overfull \vbox (2.94283pt too high) has occurred while \output is active []

[13 <./Min_2025_supplement_files/figure-latex/unnamed-chunk-8-1.pdf> <./Min_2025_supplement_files/figure-latex/unnamed-chunk-8-2.pdf>]
<Min_2025_supplement_files/figure-latex/unnamed-chunk-9-1.pdf, id=149, 469.755pt x 325.215pt>
File: Min_2025_supplement_files/figure-latex/unnamed-chunk-9-1.pdf Graphic file (type pdf)
<use Min_2025_supplement_files/figure-latex/unnamed-chunk-9-1.pdf>
Package pdftex.def Info: Min_2025_supplement_files/figure-latex/unnamed-chunk-9-1.pdf  used on input line 719.
(pdftex.def)             Requested size: 469.75386pt x 325.2142pt.
<Min_2025_supplement_files/figure-latex/unnamed-chunk-9-2.pdf, id=150, 469.755pt x 325.215pt>
File: Min_2025_supplement_files/figure-latex/unnamed-chunk-9-2.pdf Graphic file (type pdf)
<use Min_2025_supplement_files/figure-latex/unnamed-chunk-9-2.pdf>
Package pdftex.def Info: Min_2025_supplement_files/figure-latex/unnamed-chunk-9-2.pdf  used on input line 720.
(pdftex.def)             Requested size: 469.75386pt x 325.2142pt.

Overfull \hbox (93.51675pt too wide) in paragraph at lines 719--721
 []\T1/lmr/bx/n/10 (-20) Rock Is-land Dam[] []
 []

[14] [15]
Overfull \vbox (0.9984pt too high) has occurred while \output is active []

[16 <./Min_2025_supplement_files/figure-latex/unnamed-chunk-9-1.pdf> <./Min_2025_supplement_files/figure-latex/unnamed-chunk-9-2.pdf>]
<Min_2025_supplement_files/figure-latex/unnamed-chunk-10-1.pdf, id=177, 469.755pt x 325.215pt>
File: Min_2025_supplement_files/figure-latex/unnamed-chunk-10-1.pdf Graphic file (type pdf)
<use Min_2025_supplement_files/figure-latex/unnamed-chunk-10-1.pdf>
Package pdftex.def Info: Min_2025_supplement_files/figure-latex/unnamed-chunk-10-1.pdf  used on input line 822.
(pdftex.def)             Requested size: 469.75386pt x 325.2142pt.
<Min_2025_supplement_files/figure-latex/unnamed-chunk-10-2.pdf, id=178, 469.755pt x 325.215pt>
File: Min_2025_supplement_files/figure-latex/unnamed-chunk-10-2.pdf Graphic file (type pdf)
<use Min_2025_supplement_files/figure-latex/unnamed-chunk-10-2.pdf>
Package pdftex.def Info: Min_2025_supplement_files/figure-latex/unnamed-chunk-10-2.pdf  used on input line 823.
(pdftex.def)             Requested size: 469.75386pt x 325.2142pt.

Overfull \hbox (99.66138pt too wide) in paragraph at lines 822--824
 []\T1/lmr/bx/n/10 (-20) Rocky Reach Dam[] []
 []

[17] [18]
Overfull \vbox (2.94283pt too high) has occurred while \output is active []

[19 <./Min_2025_supplement_files/figure-latex/unnamed-chunk-10-1.pdf> <./Min_2025_supplement_files/figure-latex/unnamed-chunk-10-2.pdf>]
<Min_2025_supplement_files/figure-latex/unnamed-chunk-11-1.pdf, id=206, 469.755pt x 325.215pt>
File: Min_2025_supplement_files/figure-latex/unnamed-chunk-11-1.pdf Graphic file (type pdf)
<use Min_2025_supplement_files/figure-latex/unnamed-chunk-11-1.pdf>
Package pdftex.def Info: Min_2025_supplement_files/figure-latex/unnamed-chunk-11-1.pdf  used on input line 925.
(pdftex.def)             Requested size: 469.75386pt x 325.2142pt.
<Min_2025_supplement_files/figure-latex/unnamed-chunk-11-2.pdf, id=207, 469.755pt x 325.215pt>
File: Min_2025_supplement_files/figure-latex/unnamed-chunk-11-2.pdf Graphic file (type pdf)
<use Min_2025_supplement_files/figure-latex/unnamed-chunk-11-2.pdf>
Package pdftex.def Info: Min_2025_supplement_files/figure-latex/unnamed-chunk-11-2.pdf  used on input line 926.
(pdftex.def)             Requested size: 469.75386pt x 325.2142pt.

Overfull \hbox (62.63152pt too wide) in paragraph at lines 925--927
 []\T1/lmr/bx/n/10 (-20) Wells Dam[] []
 []

[20] [21]
Overfull \vbox (0.9984pt too high) has occurred while \output is active []

[22 <./Min_2025_supplement_files/figure-latex/unnamed-chunk-11-1.pdf> <./Min_2025_supplement_files/figure-latex/unnamed-chunk-11-2.pdf>]
<Min_2025_supplement_files/figure-latex/unnamed-chunk-12-1.pdf, id=234, 469.755pt x 325.215pt>
File: Min_2025_supplement_files/figure-latex/unnamed-chunk-12-1.pdf Graphic file (type pdf)
<use Min_2025_supplement_files/figure-latex/unnamed-chunk-12-1.pdf>
Package pdftex.def Info: Min_2025_supplement_files/figure-latex/unnamed-chunk-12-1.pdf  used on input line 1028.
(pdftex.def)             Requested size: 469.75386pt x 325.2142pt.
<Min_2025_supplement_files/figure-latex/unnamed-chunk-12-2.pdf, id=235, 469.755pt x 325.215pt>
File: Min_2025_supplement_files/figure-latex/unnamed-chunk-12-2.pdf Graphic file (type pdf)
<use Min_2025_supplement_files/figure-latex/unnamed-chunk-12-2.pdf>
Package pdftex.def Info: Min_2025_supplement_files/figure-latex/unnamed-chunk-12-2.pdf  used on input line 1029.
(pdftex.def)             Requested size: 469.75386pt x 325.2142pt.

Overfull \hbox (88.86655pt too wide) in paragraph at lines 1028--1030
 []\T1/lmr/bx/n/10 (-20) Ice Har-bor Dam[] []
 []

[23] [24]
Overfull \vbox (0.9984pt too high) has occurred while \output is active []

[25 <./Min_2025_supplement_files/figure-latex/unnamed-chunk-12-1.pdf> <./Min_2025_supplement_files/figure-latex/unnamed-chunk-12-2.pdf>]
<Min_2025_supplement_files/figure-latex/unnamed-chunk-13-1.pdf, id=263, 469.755pt x 325.215pt>
File: Min_2025_supplement_files/figure-latex/unnamed-chunk-13-1.pdf Graphic file (type pdf)
<use Min_2025_supplement_files/figure-latex/unnamed-chunk-13-1.pdf>
Package pdftex.def Info: Min_2025_supplement_files/figure-latex/unnamed-chunk-13-1.pdf  used on input line 1131.
(pdftex.def)             Requested size: 469.75386pt x 325.2142pt.
<Min_2025_supplement_files/figure-latex/unnamed-chunk-13-2.pdf, id=264, 469.755pt x 325.215pt>
File: Min_2025_supplement_files/figure-latex/unnamed-chunk-13-2.pdf Graphic file (type pdf)
<use Min_2025_supplement_files/figure-latex/unnamed-chunk-13-2.pdf>
Package pdftex.def Info: Min_2025_supplement_files/figure-latex/unnamed-chunk-13-2.pdf  used on input line 1132.
(pdftex.def)             Requested size: 469.75386pt x 325.2142pt.

Overfull \hbox (106.26411pt too wide) in paragraph at lines 1131--1133
 []\T1/lmr/bx/n/10 (-20) Lower Gran-ite Dam[] []
 []

[26] [27]
Overfull \vbox (0.9984pt too high) has occurred while \output is active []

[28 <./Min_2025_supplement_files/figure-latex/unnamed-chunk-13-1.pdf> <./Min_2025_supplement_files/figure-latex/unnamed-chunk-13-2.pdf>] [29]
<Min_2025_supplement_files/figure-latex/unnamed-chunk-14-1.pdf, id=298, 433.62pt x 722.7pt>
File: Min_2025_supplement_files/figure-latex/unnamed-chunk-14-1.pdf Graphic file (type pdf)
<use Min_2025_supplement_files/figure-latex/unnamed-chunk-14-1.pdf>
Package pdftex.def Info: Min_2025_supplement_files/figure-latex/unnamed-chunk-14-1.pdf  used on input line 1252.
(pdftex.def)             Requested size: 390.26102pt x 650.43501pt.
[30] [31] [32 <./Min_2025_supplement_files/figure-latex/unnamed-chunk-14-1.pdf>]
<Min_2025_supplement_files/figure-latex/unnamed-chunk-15-1.pdf, id=318, 433.62pt x 722.7pt>
File: Min_2025_supplement_files/figure-latex/unnamed-chunk-15-1.pdf Graphic file (type pdf)
<use Min_2025_supplement_files/figure-latex/unnamed-chunk-15-1.pdf>
Package pdftex.def Info: Min_2025_supplement_files/figure-latex/unnamed-chunk-15-1.pdf  used on input line 1256.
(pdftex.def)             Requested size: 390.26102pt x 650.43501pt.
[33] [34 <./Min_2025_supplement_files/figure-latex/unnamed-chunk-15-1.pdf>]
<Min_2025_supplement_files/figure-latex/unnamed-chunk-16-1.pdf, id=333, 433.62pt x 722.7pt>
File: Min_2025_supplement_files/figure-latex/unnamed-chunk-16-1.pdf Graphic file (type pdf)
<use Min_2025_supplement_files/figure-latex/unnamed-chunk-16-1.pdf>
Package pdftex.def Info: Min_2025_supplement_files/figure-latex/unnamed-chunk-16-1.pdf  used on input line 1260.
(pdftex.def)             Requested size: 390.26102pt x 650.43501pt.

Overfull \hbox (6.10527pt too wide) in paragraph at lines 1260--1261
 []\T1/lmr/bx/n/10 (-20) Fifteenmile (N)[] [] 
 []

[35] [36 <./Min_2025_supplement_files/figure-latex/unnamed-chunk-16-1.pdf>]
<Min_2025_supplement_files/figure-latex/unnamed-chunk-17-1.pdf, id=348, 433.62pt x 722.7pt>
File: Min_2025_supplement_files/figure-latex/unnamed-chunk-17-1.pdf Graphic file (type pdf)
<use Min_2025_supplement_files/figure-latex/unnamed-chunk-17-1.pdf>
Package pdftex.def Info: Min_2025_supplement_files/figure-latex/unnamed-chunk-17-1.pdf  used on input line 1264.
(pdftex.def)             Requested size: 390.26102pt x 650.43501pt.
[37] [38 <./Min_2025_supplement_files/figure-latex/unnamed-chunk-17-1.pdf>]
<Min_2025_supplement_files/figure-latex/unnamed-chunk-18-1.pdf, id=364, 433.62pt x 722.7pt>
File: Min_2025_supplement_files/figure-latex/unnamed-chunk-18-1.pdf Graphic file (type pdf)
<use Min_2025_supplement_files/figure-latex/unnamed-chunk-18-1.pdf>
Package pdftex.def Info: Min_2025_supplement_files/figure-latex/unnamed-chunk-18-1.pdf  used on input line 1268.
(pdftex.def)             Requested size: 390.26102pt x 650.43501pt.
[39] [40 <./Min_2025_supplement_files/figure-latex/unnamed-chunk-18-1.pdf>]
<Min_2025_supplement_files/figure-latex/unnamed-chunk-19-1.pdf, id=379, 433.62pt x 722.7pt>
File: Min_2025_supplement_files/figure-latex/unnamed-chunk-19-1.pdf Graphic file (type pdf)
<use Min_2025_supplement_files/figure-latex/unnamed-chunk-19-1.pdf>
Package pdftex.def Info: Min_2025_supplement_files/figure-latex/unnamed-chunk-19-1.pdf  used on input line 1272.
(pdftex.def)             Requested size: 390.26102pt x 650.43501pt.
[41] [42 <./Min_2025_supplement_files/figure-latex/unnamed-chunk-19-1.pdf>]
<Min_2025_supplement_files/figure-latex/unnamed-chunk-20-1.pdf, id=394, 433.62pt x 722.7pt>
File: Min_2025_supplement_files/figure-latex/unnamed-chunk-20-1.pdf Graphic file (type pdf)
<use Min_2025_supplement_files/figure-latex/unnamed-chunk-20-1.pdf>
Package pdftex.def Info: Min_2025_supplement_files/figure-latex/unnamed-chunk-20-1.pdf  used on input line 1276.
(pdftex.def)             Requested size: 390.26102pt x 650.43501pt.

Overfull \hbox (9.02322pt too wide) in paragraph at lines 1276--1277
 []\T1/lmr/bx/n/10 (-20) Walla Walla (N)[] [] 
 []

[43] [44 <./Min_2025_supplement_files/figure-latex/unnamed-chunk-20-1.pdf>]
<Min_2025_supplement_files/figure-latex/unnamed-chunk-21-1.pdf, id=410, 433.62pt x 722.7pt>
File: Min_2025_supplement_files/figure-latex/unnamed-chunk-21-1.pdf Graphic file (type pdf)
<use Min_2025_supplement_files/figure-latex/unnamed-chunk-21-1.pdf>
Package pdftex.def Info: Min_2025_supplement_files/figure-latex/unnamed-chunk-21-1.pdf  used on input line 1280.
(pdftex.def)             Requested size: 390.26102pt x 650.43501pt.

Overfull \hbox (9.02322pt too wide) in paragraph at lines 1280--1281
 []\T1/lmr/bx/n/10 (-20) Walla Walla (H)[] [] 
 []

[45] [46 <./Min_2025_supplement_files/figure-latex/unnamed-chunk-21-1.pdf>]
<Min_2025_supplement_files/figure-latex/unnamed-chunk-22-1.pdf, id=426, 433.62pt x 722.7pt>
File: Min_2025_supplement_files/figure-latex/unnamed-chunk-22-1.pdf Graphic file (type pdf)
<use Min_2025_supplement_files/figure-latex/unnamed-chunk-22-1.pdf>
Package pdftex.def Info: Min_2025_supplement_files/figure-latex/unnamed-chunk-22-1.pdf  used on input line 1284.
(pdftex.def)             Requested size: 390.26102pt x 650.43501pt.
[47] [48 <./Min_2025_supplement_files/figure-latex/unnamed-chunk-22-1.pdf>]
<Min_2025_supplement_files/figure-latex/unnamed-chunk-23-1.pdf, id=441, 433.62pt x 722.7pt>
File: Min_2025_supplement_files/figure-latex/unnamed-chunk-23-1.pdf Graphic file (type pdf)
<use Min_2025_supplement_files/figure-latex/unnamed-chunk-23-1.pdf>
Package pdftex.def Info: Min_2025_supplement_files/figure-latex/unnamed-chunk-23-1.pdf  used on input line 1288.
(pdftex.def)             Requested size: 390.26102pt x 650.43501pt.

Overfull \hbox (3.90875pt too wide) in paragraph at lines 1288--1289
 []\T1/lmr/bx/n/10 (-20) Wenatchee (N)[] [] 
 []

[49] [50 <./Min_2025_supplement_files/figure-latex/unnamed-chunk-23-1.pdf>]
<Min_2025_supplement_files/figure-latex/unnamed-chunk-24-1.pdf, id=457, 433.62pt x 722.7pt>
File: Min_2025_supplement_files/figure-latex/unnamed-chunk-24-1.pdf Graphic file (type pdf)
<use Min_2025_supplement_files/figure-latex/unnamed-chunk-24-1.pdf>
Package pdftex.def Info: Min_2025_supplement_files/figure-latex/unnamed-chunk-24-1.pdf  used on input line 1292.
(pdftex.def)             Requested size: 390.26102pt x 650.43501pt.

Overfull \hbox (3.90875pt too wide) in paragraph at lines 1292--1293
 []\T1/lmr/bx/n/10 (-20) Wenatchee (H)[] [] 
 []

[51] [52 <./Min_2025_supplement_files/figure-latex/unnamed-chunk-24-1.pdf>]
<Min_2025_supplement_files/figure-latex/unnamed-chunk-25-1.pdf, id=472, 433.62pt x 722.7pt>
File: Min_2025_supplement_files/figure-latex/unnamed-chunk-25-1.pdf Graphic file (type pdf)
<use Min_2025_supplement_files/figure-latex/unnamed-chunk-25-1.pdf>
Package pdftex.def Info: Min_2025_supplement_files/figure-latex/unnamed-chunk-25-1.pdf  used on input line 1296.
(pdftex.def)             Requested size: 390.26102pt x 650.43501pt.
[53] [54 <./Min_2025_supplement_files/figure-latex/unnamed-chunk-25-1.pdf>]
<Min_2025_supplement_files/figure-latex/unnamed-chunk-26-1.pdf, id=487, 433.62pt x 722.7pt>
File: Min_2025_supplement_files/figure-latex/unnamed-chunk-26-1.pdf Graphic file (type pdf)
<use Min_2025_supplement_files/figure-latex/unnamed-chunk-26-1.pdf>
Package pdftex.def Info: Min_2025_supplement_files/figure-latex/unnamed-chunk-26-1.pdf  used on input line 1300.
(pdftex.def)             Requested size: 390.26102pt x 650.43501pt.
[55] [56 <./Min_2025_supplement_files/figure-latex/unnamed-chunk-26-1.pdf>]
</Users/markusmin/Documents/CBR/CRB_steelhead_adult_movement/figures/detection_efficiency/fifteenmile_fitted_DE_plot_era1.png, id=503, 578.16pt x 433.62pt>
File: /Users/markusmin/Documents/CBR/CRB_steelhead_adult_movement/figures/detection_efficiency/fifteenmile_fitted_DE_plot_era1.png Graphic file (type png)
<use /Users/markusmin/Documents/CBR/CRB_steelhead_adult_movement/figures/detection_efficiency/fifteenmile_fitted_DE_plot_era1.png>
Package pdftex.def Info: /Users/markusmin/Documents/CBR/CRB_steelhead_adult_movement/figures/detection_efficiency/fifteenmile_fitted_DE_plot_era1.png  used on input line 1309.
(pdftex.def)             Requested size: 469.75385pt x 352.31538pt.
</Users/markusmin/Documents/CBR/CRB_steelhead_adult_movement/figures/detection_efficiency/deschutes_fitted_DE_plot_era1.png, id=504, 578.16pt x 433.62pt>
File: /Users/markusmin/Documents/CBR/CRB_steelhead_adult_movement/figures/detection_efficiency/deschutes_fitted_DE_plot_era1.png Graphic file (type png)
<use /Users/markusmin/Documents/CBR/CRB_steelhead_adult_movement/figures/detection_efficiency/deschutes_fitted_DE_plot_era1.png>
Package pdftex.def Info: /Users/markusmin/Documents/CBR/CRB_steelhead_adult_movement/figures/detection_efficiency/deschutes_fitted_DE_plot_era1.png  used on input line 1317.
(pdftex.def)             Requested size: 469.75385pt x 352.31538pt.
</Users/markusmin/Documents/CBR/CRB_steelhead_adult_movement/figures/detection_efficiency/john_day_fitted_DE_plot_era1.png, id=505, 578.16pt x 433.62pt>
File: /Users/markusmin/Documents/CBR/CRB_steelhead_adult_movement/figures/detection_efficiency/john_day_fitted_DE_plot_era1.png Graphic file (type png)
<use /Users/markusmin/Documents/CBR/CRB_steelhead_adult_movement/figures/detection_efficiency/john_day_fitted_DE_plot_era1.png>
Package pdftex.def Info: /Users/markusmin/Documents/CBR/CRB_steelhead_adult_movement/figures/detection_efficiency/john_day_fitted_DE_plot_era1.png  used on input line 1325.
(pdftex.def)             Requested size: 469.75385pt x 352.31538pt.
</Users/markusmin/Documents/CBR/CRB_steelhead_adult_movement/figures/detection_efficiency/umatilla_fitted_DE_plot_era1.png, id=506, 578.16pt x 433.62pt>
File: /Users/markusmin/Documents/CBR/CRB_steelhead_adult_movement/figures/detection_efficiency/umatilla_fitted_DE_plot_era1.png Graphic file (type png)
<use /Users/markusmin/Documents/CBR/CRB_steelhead_adult_movement/figures/detection_efficiency/umatilla_fitted_DE_plot_era1.png>
Package pdftex.def Info: /Users/markusmin/Documents/CBR/CRB_steelhead_adult_movement/figures/detection_efficiency/umatilla_fitted_DE_plot_era1.png  used on input line 1333.
(pdftex.def)             Requested size: 469.75385pt x 352.31538pt.
</Users/markusmin/Documents/CBR/CRB_steelhead_adult_movement/figures/detection_efficiency/umatilla_fitted_DE_plot_era2.png, id=507, 578.16pt x 433.62pt>
File: /Users/markusmin/Documents/CBR/CRB_steelhead_adult_movement/figures/detection_efficiency/umatilla_fitted_DE_plot_era2.png Graphic file (type png)
<use /Users/markusmin/Documents/CBR/CRB_steelhead_adult_movement/figures/detection_efficiency/umatilla_fitted_DE_plot_era2.png>
Package pdftex.def Info: /Users/markusmin/Documents/CBR/CRB_steelhead_adult_movement/figures/detection_efficiency/umatilla_fitted_DE_plot_era2.png  used on input line 1340.
(pdftex.def)             Requested size: 469.75385pt x 352.31538pt.
</Users/markusmin/Documents/CBR/CRB_steelhead_adult_movement/figures/detection_efficiency/walla_walla_fitted_DE_plot_era1.png, id=508, 578.16pt x 433.62pt>
File: /Users/markusmin/Documents/CBR/CRB_steelhead_adult_movement/figures/detection_efficiency/walla_walla_fitted_DE_plot_era1.png Graphic file (type png)
<use /Users/markusmin/Documents/CBR/CRB_steelhead_adult_movement/figures/detection_efficiency/walla_walla_fitted_DE_plot_era1.png>
Package pdftex.def Info: /Users/markusmin/Documents/CBR/CRB_steelhead_adult_movement/figures/detection_efficiency/walla_walla_fitted_DE_plot_era1.png  used on input line 1349.
(pdftex.def)             Requested size: 469.75385pt x 352.31538pt.
</Users/markusmin/Documents/CBR/CRB_steelhead_adult_movement/figures/detection_efficiency/walla_walla_fitted_DE_plot_era2.png, id=509, 578.16pt x 433.62pt>
File: /Users/markusmin/Documents/CBR/CRB_steelhead_adult_movement/figures/detection_efficiency/walla_walla_fitted_DE_plot_era2.png Graphic file (type png)
<use /Users/markusmin/Documents/CBR/CRB_steelhead_adult_movement/figures/detection_efficiency/walla_walla_fitted_DE_plot_era2.png>
Package pdftex.def Info: /Users/markusmin/Documents/CBR/CRB_steelhead_adult_movement/figures/detection_efficiency/walla_walla_fitted_DE_plot_era2.png  used on input line 1356.
(pdftex.def)             Requested size: 469.75385pt x 352.31538pt.
</Users/markusmin/Documents/CBR/CRB_steelhead_adult_movement/figures/detection_efficiency/walla_walla_fitted_DE_plot_era3.png, id=510, 578.16pt x 433.62pt>
File: /Users/markusmin/Documents/CBR/CRB_steelhead_adult_movement/figures/detection_efficiency/walla_walla_fitted_DE_plot_era3.png Graphic file (type png)
<use /Users/markusmin/Documents/CBR/CRB_steelhead_adult_movement/figures/detection_efficiency/walla_walla_fitted_DE_plot_era3.png>
Package pdftex.def Info: /Users/markusmin/Documents/CBR/CRB_steelhead_adult_movement/figures/detection_efficiency/walla_walla_fitted_DE_plot_era3.png  used on input line 1363.
(pdftex.def)             Requested size: 469.75385pt x 352.31538pt.
</Users/markusmin/Documents/CBR/CRB_steelhead_adult_movement/figures/detection_efficiency/walla_walla_fitted_DE_plot_era4.png, id=511, 578.16pt x 433.62pt>
File: /Users/markusmin/Documents/CBR/CRB_steelhead_adult_movement/figures/detection_efficiency/walla_walla_fitted_DE_plot_era4.png Graphic file (type png)
<use /Users/markusmin/Documents/CBR/CRB_steelhead_adult_movement/figures/detection_efficiency/walla_walla_fitted_DE_plot_era4.png>
Package pdftex.def Info: /Users/markusmin/Documents/CBR/CRB_steelhead_adult_movement/figures/detection_efficiency/walla_walla_fitted_DE_plot_era4.png  used on input line 1370.
(pdftex.def)             Requested size: 469.75385pt x 352.31538pt.
</Users/markusmin/Documents/CBR/CRB_steelhead_adult_movement/figures/detection_efficiency/yakima_fitted_DE_plot_era1.png, id=512, 578.16pt x 433.62pt>
File: /Users/markusmin/Documents/CBR/CRB_steelhead_adult_movement/figures/detection_efficiency/yakima_fitted_DE_plot_era1.png Graphic file (type png)
<use /Users/markusmin/Documents/CBR/CRB_steelhead_adult_movement/figures/detection_efficiency/yakima_fitted_DE_plot_era1.png>
Package pdftex.def Info: /Users/markusmin/Documents/CBR/CRB_steelhead_adult_movement/figures/detection_efficiency/yakima_fitted_DE_plot_era1.png  used on input line 1379.
(pdftex.def)             Requested size: 469.75385pt x 352.31538pt.
</Users/markusmin/Documents/CBR/CRB_steelhead_adult_movement/figures/detection_efficiency/wenatchee_fitted_DE_plot_era1.png, id=513, 578.16pt x 433.62pt>
File: /Users/markusmin/Documents/CBR/CRB_steelhead_adult_movement/figures/detection_efficiency/wenatchee_fitted_DE_plot_era1.png Graphic file (type png)
<use /Users/markusmin/Documents/CBR/CRB_steelhead_adult_movement/figures/detection_efficiency/wenatchee_fitted_DE_plot_era1.png>
Package pdftex.def Info: /Users/markusmin/Documents/CBR/CRB_steelhead_adult_movement/figures/detection_efficiency/wenatchee_fitted_DE_plot_era1.png  used on input line 1387.
(pdftex.def)             Requested size: 469.75385pt x 352.31538pt.
</Users/markusmin/Documents/CBR/CRB_steelhead_adult_movement/figures/detection_efficiency/entiat_fitted_DE_plot_era1.png, id=514, 578.16pt x 433.62pt>
File: /Users/markusmin/Documents/CBR/CRB_steelhead_adult_movement/figures/detection_efficiency/entiat_fitted_DE_plot_era1.png Graphic file (type png)
<use /Users/markusmin/Documents/CBR/CRB_steelhead_adult_movement/figures/detection_efficiency/entiat_fitted_DE_plot_era1.png>
Package pdftex.def Info: /Users/markusmin/Documents/CBR/CRB_steelhead_adult_movement/figures/detection_efficiency/entiat_fitted_DE_plot_era1.png  used on input line 1395.
(pdftex.def)             Requested size: 469.75385pt x 352.31538pt.
</Users/markusmin/Documents/CBR/CRB_steelhead_adult_movement/figures/detection_efficiency/methow_fitted_DE_plot_era1.png, id=515, 578.16pt x 433.62pt>
File: /Users/markusmin/Documents/CBR/CRB_steelhead_adult_movement/figures/detection_efficiency/methow_fitted_DE_plot_era1.png Graphic file (type png)
<use /Users/markusmin/Documents/CBR/CRB_steelhead_adult_movement/figures/detection_efficiency/methow_fitted_DE_plot_era1.png>
Package pdftex.def Info: /Users/markusmin/Documents/CBR/CRB_steelhead_adult_movement/figures/detection_efficiency/methow_fitted_DE_plot_era1.png  used on input line 1403.
(pdftex.def)             Requested size: 469.75385pt x 352.31538pt.
</Users/markusmin/Documents/CBR/CRB_steelhead_adult_movement/figures/detection_efficiency/methow_fitted_DE_plot_era2.png, id=516, 578.16pt x 433.62pt>
File: /Users/markusmin/Documents/CBR/CRB_steelhead_adult_movement/figures/detection_efficiency/methow_fitted_DE_plot_era2.png Graphic file (type png)
<use /Users/markusmin/Documents/CBR/CRB_steelhead_adult_movement/figures/detection_efficiency/methow_fitted_DE_plot_era2.png>
Package pdftex.def Info: /Users/markusmin/Documents/CBR/CRB_steelhead_adult_movement/figures/detection_efficiency/methow_fitted_DE_plot_era2.png  used on input line 1409.
(pdftex.def)             Requested size: 469.75385pt x 352.31538pt.
</Users/markusmin/Documents/CBR/CRB_steelhead_adult_movement/figures/detection_efficiency/okanogan_fitted_DE_plot_era1.png, id=517, 578.16pt x 433.62pt>
File: /Users/markusmin/Documents/CBR/CRB_steelhead_adult_movement/figures/detection_efficiency/okanogan_fitted_DE_plot_era1.png Graphic file (type png)
<use /Users/markusmin/Documents/CBR/CRB_steelhead_adult_movement/figures/detection_efficiency/okanogan_fitted_DE_plot_era1.png>
Package pdftex.def Info: /Users/markusmin/Documents/CBR/CRB_steelhead_adult_movement/figures/detection_efficiency/okanogan_fitted_DE_plot_era1.png  used on input line 1417.
(pdftex.def)             Requested size: 469.75385pt x 352.31538pt.
</Users/markusmin/Documents/CBR/CRB_steelhead_adult_movement/figures/detection_efficiency/tucannon_fitted_DE_plot_era1.png, id=518, 578.16pt x 433.62pt>
File: /Users/markusmin/Documents/CBR/CRB_steelhead_adult_movement/figures/detection_efficiency/tucannon_fitted_DE_plot_era1.png Graphic file (type png)
<use /Users/markusmin/Documents/CBR/CRB_steelhead_adult_movement/figures/detection_efficiency/tucannon_fitted_DE_plot_era1.png>
Package pdftex.def Info: /Users/markusmin/Documents/CBR/CRB_steelhead_adult_movement/figures/detection_efficiency/tucannon_fitted_DE_plot_era1.png  used on input line 1425.
(pdftex.def)             Requested size: 469.75385pt x 352.31538pt.
[57 </Users/markusmin/Documents/CBR/CRB_steelhead_adult_movement/figures/detection_efficiency/fifteenmile_fitted_DE_plot_era1.png>] [58 </Users/markusmin/Documents/CBR/CRB_steelhead_adult_movement/figures/detection_efficiency/deschutes_fitted_DE_plot_era1.png>] [59 </Users/markusmin/Documents/CBR/CRB_steelhead_adult_movement/figures/detection_efficiency/john_day_fitted_DE_plot_era1.png>] [60 </Users/markusmin/Documents/CBR/CRB_steelhead_adult_movement/figures/detection_efficiency/umatilla_fitted_DE_plot_era1.png>] [61 </Users/markusmin/Documents/CBR/CRB_steelhead_adult_movement/figures/detection_efficiency/umatilla_fitted_DE_plot_era2.png>] [62 </Users/markusmin/Documents/CBR/CRB_steelhead_adult_movement/figures/detection_efficiency/walla_walla_fitted_DE_plot_era1.png>] [63 </Users/markusmin/Documents/CBR/CRB_steelhead_adult_movement/figures/detection_efficiency/walla_walla_fitted_DE_plot_era2.png>] [64 </Users/markusmin/Documents/CBR/CRB_steelhead_adult_movement/figures/detection_efficiency/walla_walla_fitted_DE_plot_era3.png>] [65 </Users/markusmin/Documents/CBR/CRB_steelhead_adult_movement/figures/detection_efficiency/walla_walla_fitted_DE_plot_era4.png>] [66 </Users/markusmin/Documents/CBR/CRB_steelhead_adult_movement/figures/detection_efficiency/yakima_fitted_DE_plot_era1.png>] [67 </Users/markusmin/Documents/CBR/CRB_steelhead_adult_movement/figures/detection_efficiency/wenatchee_fitted_DE_plot_era1.png>] [68 </Users/markusmin/Documents/CBR/CRB_steelhead_adult_movement/figures/detection_efficiency/entiat_fitted_DE_plot_era1.png>] [69 </Users/markusmin/Documents/CBR/CRB_steelhead_adult_movement/figures/detection_efficiency/methow_fitted_DE_plot_era1.png>] [70 </Users/markusmin/Documents/CBR/CRB_steelhead_adult_movement/figures/detection_efficiency/methow_fitted_DE_plot_era2.png>] [71 </Users/markusmin/Documents/CBR/CRB_steelhead_adult_movement/figures/detection_efficiency/okanogan_fitted_DE_plot_era1.png>]
</Users/markusmin/Documents/CBR/CRB_steelhead_adult_movement/figures/detection_efficiency/tucannon_fitted_DE_plot_era2.png, id=607, 578.16pt x 433.62pt>
File: /Users/markusmin/Documents/CBR/CRB_steelhead_adult_movement/figures/detection_efficiency/tucannon_fitted_DE_plot_era2.png Graphic file (type png)
<use /Users/markusmin/Documents/CBR/CRB_steelhead_adult_movement/figures/detection_efficiency/tucannon_fitted_DE_plot_era2.png>
Package pdftex.def Info: /Users/markusmin/Documents/CBR/CRB_steelhead_adult_movement/figures/detection_efficiency/tucannon_fitted_DE_plot_era2.png  used on input line 1432.
(pdftex.def)             Requested size: 469.75385pt x 352.31538pt.
</Users/markusmin/Documents/CBR/CRB_steelhead_adult_movement/figures/detection_efficiency/asotin_fitted_DE_plot_era1.png, id=608, 578.16pt x 433.62pt>
File: /Users/markusmin/Documents/CBR/CRB_steelhead_adult_movement/figures/detection_efficiency/asotin_fitted_DE_plot_era1.png Graphic file (type png)
<use /Users/markusmin/Documents/CBR/CRB_steelhead_adult_movement/figures/detection_efficiency/asotin_fitted_DE_plot_era1.png>
Package pdftex.def Info: /Users/markusmin/Documents/CBR/CRB_steelhead_adult_movement/figures/detection_efficiency/asotin_fitted_DE_plot_era1.png  used on input line 1441.
(pdftex.def)             Requested size: 469.75385pt x 352.31538pt.
</Users/markusmin/Documents/CBR/CRB_steelhead_adult_movement/figures/detection_efficiency/asotin_fitted_DE_plot_era2.png, id=609, 578.16pt x 433.62pt>
File: /Users/markusmin/Documents/CBR/CRB_steelhead_adult_movement/figures/detection_efficiency/asotin_fitted_DE_plot_era2.png Graphic file (type png)
<use /Users/markusmin/Documents/CBR/CRB_steelhead_adult_movement/figures/detection_efficiency/asotin_fitted_DE_plot_era2.png>
Package pdftex.def Info: /Users/markusmin/Documents/CBR/CRB_steelhead_adult_movement/figures/detection_efficiency/asotin_fitted_DE_plot_era2.png  used on input line 1447.
(pdftex.def)             Requested size: 469.75385pt x 352.31538pt.
</Users/markusmin/Documents/CBR/CRB_steelhead_adult_movement/figures/detection_efficiency/imnaha_fitted_DE_plot_era1.png, id=610, 578.16pt x 433.62pt>
File: /Users/markusmin/Documents/CBR/CRB_steelhead_adult_movement/figures/detection_efficiency/imnaha_fitted_DE_plot_era1.png Graphic file (type png)
<use /Users/markusmin/Documents/CBR/CRB_steelhead_adult_movement/figures/detection_efficiency/imnaha_fitted_DE_plot_era1.png>
Package pdftex.def Info: /Users/markusmin/Documents/CBR/CRB_steelhead_adult_movement/figures/detection_efficiency/imnaha_fitted_DE_plot_era1.png  used on input line 1455.
(pdftex.def)             Requested size: 469.75385pt x 352.31538pt.
</Users/markusmin/Documents/CBR/CRB_steelhead_adult_movement/figures/diagnostic_plots/rhat_comb_plots.png, id=611, 722.7pt x 578.16pt>
File: /Users/markusmin/Documents/CBR/CRB_steelhead_adult_movement/figures/diagnostic_plots/rhat_comb_plots.png Graphic file (type png)
<use /Users/markusmin/Documents/CBR/CRB_steelhead_adult_movement/figures/diagnostic_plots/rhat_comb_plots.png>
Package pdftex.def Info: /Users/markusmin/Documents/CBR/CRB_steelhead_adult_movement/figures/diagnostic_plots/rhat_comb_plots.png  used on input line 1464.
(pdftex.def)             Requested size: 469.76045pt x 375.80836pt.
</Users/markusmin/Documents/CBR/CRB_steelhead_adult_movement/figures/diagnostic_plots/ess_bulk_comb_plots.png, id=612, 722.7pt x 578.16pt>
File: /Users/markusmin/Documents/CBR/CRB_steelhead_adult_movement/figures/diagnostic_plots/ess_bulk_comb_plots.png Graphic file (type png)
<use /Users/markusmin/Documents/CBR/CRB_steelhead_adult_movement/figures/diagnostic_plots/ess_bulk_comb_plots.png>
Package pdftex.def Info: /Users/markusmin/Documents/CBR/CRB_steelhead_adult_movement/figures/diagnostic_plots/ess_bulk_comb_plots.png  used on input line 1479.
(pdftex.def)             Requested size: 469.76045pt x 375.80836pt.
</Users/markusmin/Documents/CBR/CRB_steelhead_adult_movement/figures/diagnostic_plots/ess_tail_comb_plots.png, id=613, 722.7pt x 578.16pt>
File: /Users/markusmin/Documents/CBR/CRB_steelhead_adult_movement/figures/diagnostic_plots/ess_tail_comb_plots.png Graphic file (type png)
<use /Users/markusmin/Documents/CBR/CRB_steelhead_adult_movement/figures/diagnostic_plots/ess_tail_comb_plots.png>
Package pdftex.def Info: /Users/markusmin/Documents/CBR/CRB_steelhead_adult_movement/figures/diagnostic_plots/ess_tail_comb_plots.png  used on input line 1492.
(pdftex.def)             Requested size: 469.76045pt x 375.80836pt.
</Users/markusmin/Documents/CBR/CRB_steelhead_adult_movement/figures/final_fates/fif_ff_comp_median_plot.png, id=614, 578.16pt x 578.16pt>
File: /Users/markusmin/Documents/CBR/CRB_steelhead_adult_movement/figures/final_fates/fif_ff_comp_median_plot.png Graphic file (type png)
<use /Users/markusmin/Documents/CBR/CRB_steelhead_adult_movement/figures/final_fates/fif_ff_comp_median_plot.png>
Package pdftex.def Info: /Users/markusmin/Documents/CBR/CRB_steelhead_adult_movement/figures/final_fates/fif_ff_comp_median_plot.png  used on input line 1510.
(pdftex.def)             Requested size: 469.75385pt x 469.75385pt.
</Users/markusmin/Documents/CBR/CRB_steelhead_adult_movement/figures/final_fates/des_ff_comp_median_plot.png, id=615, 578.16pt x 578.16pt>
File: /Users/markusmin/Documents/CBR/CRB_steelhead_adult_movement/figures/final_fates/des_ff_comp_median_plot.png Graphic file (type png)
<use /Users/markusmin/Documents/CBR/CRB_steelhead_adult_movement/figures/final_fates/des_ff_comp_median_plot.png>
Package pdftex.def Info: /Users/markusmin/Documents/CBR/CRB_steelhead_adult_movement/figures/final_fates/des_ff_comp_median_plot.png  used on input line 1519.
(pdftex.def)             Requested size: 469.75385pt x 469.75385pt.
</Users/markusmin/Documents/CBR/CRB_steelhead_adult_movement/figures/final_fates/jdr_ff_comp_median_plot.png, id=616, 578.16pt x 578.16pt>
File: /Users/markusmin/Documents/CBR/CRB_steelhead_adult_movement/figures/final_fates/jdr_ff_comp_median_plot.png Graphic file (type png)
<use /Users/markusmin/Documents/CBR/CRB_steelhead_adult_movement/figures/final_fates/jdr_ff_comp_median_plot.png>
Package pdftex.def Info: /Users/markusmin/Documents/CBR/CRB_steelhead_adult_movement/figures/final_fates/jdr_ff_comp_median_plot.png  used on input line 1528.
(pdftex.def)             Requested size: 469.75385pt x 469.75385pt.
</Users/markusmin/Documents/CBR/CRB_steelhead_adult_movement/figures/final_fates/uma_ff_comp_median_plot.png, id=617, 578.16pt x 578.16pt>
File: /Users/markusmin/Documents/CBR/CRB_steelhead_adult_movement/figures/final_fates/uma_ff_comp_median_plot.png Graphic file (type png)
<use /Users/markusmin/Documents/CBR/CRB_steelhead_adult_movement/figures/final_fates/uma_ff_comp_median_plot.png>
Package pdftex.def Info: /Users/markusmin/Documents/CBR/CRB_steelhead_adult_movement/figures/final_fates/uma_ff_comp_median_plot.png  used on input line 1537.
(pdftex.def)             Requested size: 469.75385pt x 469.75385pt.
</Users/markusmin/Documents/CBR/CRB_steelhead_adult_movement/figures/final_fates/wawa_ff_comp_median_plot.png, id=618, 578.16pt x 578.16pt>
File: /Users/markusmin/Documents/CBR/CRB_steelhead_adult_movement/figures/final_fates/wawa_ff_comp_median_plot.png Graphic file (type png)
<use /Users/markusmin/Documents/CBR/CRB_steelhead_adult_movement/figures/final_fates/wawa_ff_comp_median_plot.png>
Package pdftex.def Info: /Users/markusmin/Documents/CBR/CRB_steelhead_adult_movement/figures/final_fates/wawa_ff_comp_median_plot.png  used on input line 1546.
(pdftex.def)             Requested size: 469.75385pt x 469.75385pt.
</Users/markusmin/Documents/CBR/CRB_steelhead_adult_movement/figures/final_fates/yak_ff_comp_median_plot.png, id=619, 578.16pt x 578.16pt>
File: /Users/markusmin/Documents/CBR/CRB_steelhead_adult_movement/figures/final_fates/yak_ff_comp_median_plot.png Graphic file (type png)
<use /Users/markusmin/Documents/CBR/CRB_steelhead_adult_movement/figures/final_fates/yak_ff_comp_median_plot.png>
Package pdftex.def Info: /Users/markusmin/Documents/CBR/CRB_steelhead_adult_movement/figures/final_fates/yak_ff_comp_median_plot.png  used on input line 1555.
(pdftex.def)             Requested size: 469.75385pt x 469.75385pt.
</Users/markusmin/Documents/CBR/CRB_steelhead_adult_movement/figures/final_fates/wen_ff_comp_median_plot.png, id=620, 578.16pt x 578.16pt>
File: /Users/markusmin/Documents/CBR/CRB_steelhead_adult_movement/figures/final_fates/wen_ff_comp_median_plot.png Graphic file (type png)
<use /Users/markusmin/Documents/CBR/CRB_steelhead_adult_movement/figures/final_fates/wen_ff_comp_median_plot.png>
Package pdftex.def Info: /Users/markusmin/Documents/CBR/CRB_steelhead_adult_movement/figures/final_fates/wen_ff_comp_median_plot.png  used on input line 1564.
(pdftex.def)             Requested size: 469.75385pt x 469.75385pt.
[72 </Users/markusmin/Documents/CBR/CRB_steelhead_adult_movement/figures/detection_efficiency/tucannon_fitted_DE_plot_era1.png>] [73 </Users/markusmin/Documents/CBR/CRB_steelhead_adult_movement/figures/detection_efficiency/tucannon_fitted_DE_plot_era2.png>] [74 </Users/markusmin/Documents/CBR/CRB_steelhead_adult_movement/figures/detection_efficiency/asotin_fitted_DE_plot_era1.png>] [75 </Users/markusmin/Documents/CBR/CRB_steelhead_adult_movement/figures/detection_efficiency/asotin_fitted_DE_plot_era2.png>] [76 </Users/markusmin/Documents/CBR/CRB_steelhead_adult_movement/figures/detection_efficiency/imnaha_fitted_DE_plot_era1.png>] [77 </Users/markusmin/Documents/CBR/CRB_steelhead_adult_movement/figures/diagnostic_plots/rhat_comb_plots.png>] [78 </Users/markusmin/Documents/CBR/CRB_steelhead_adult_movement/figures/diagnostic_plots/ess_bulk_comb_plots.png>] [79 </Users/markusmin/Documents/CBR/CRB_steelhead_adult_movement/figures/diagnostic_plots/ess_tail_comb_plots.png>] [80 </Users/markusmin/Documents/CBR/CRB_steelhead_adult_movement/figures/final_fates/fif_ff_comp_median_plot.png>] [81 </Users/markusmin/Documents/CBR/CRB_steelhead_adult_movement/figures/final_fates/des_ff_comp_median_plot.png>] [82 </Users/markusmin/Documents/CBR/CRB_steelhead_adult_movement/figures/final_fates/jdr_ff_comp_median_plot.png>] [83 </Users/markusmin/Documents/CBR/CRB_steelhead_adult_movement/figures/final_fates/uma_ff_comp_median_plot.png>] [84 </Users/markusmin/Documents/CBR/CRB_steelhead_adult_movement/figures/final_fates/wawa_ff_comp_median_plot.png>] [85 </Users/markusmin/Documents/CBR/CRB_steelhead_adult_movement/figures/final_fates/yak_ff_comp_median_plot.png>] [86 </Users/markusmin/Documents/CBR/CRB_steelhead_adult_movement/figures/final_fates/wen_ff_comp_median_plot.png>]
</Users/markusmin/Documents/CBR/CRB_steelhead_adult_movement/figures/final_fates/ent_ff_comp_median_plot.png, id=712, 578.16pt x 578.16pt>
File: /Users/markusmin/Documents/CBR/CRB_steelhead_adult_movement/figures/final_fates/ent_ff_comp_median_plot.png Graphic file (type png)
<use /Users/markusmin/Documents/CBR/CRB_steelhead_adult_movement/figures/final_fates/ent_ff_comp_median_plot.png>
Package pdftex.def Info: /Users/markusmin/Documents/CBR/CRB_steelhead_adult_movement/figures/final_fates/ent_ff_comp_median_plot.png  used on input line 1573.
(pdftex.def)             Requested size: 469.75385pt x 469.75385pt.
</Users/markusmin/Documents/CBR/CRB_steelhead_adult_movement/figures/final_fates/met_ff_comp_median_plot.png, id=713, 578.16pt x 578.16pt>
File: /Users/markusmin/Documents/CBR/CRB_steelhead_adult_movement/figures/final_fates/met_ff_comp_median_plot.png Graphic file (type png)
<use /Users/markusmin/Documents/CBR/CRB_steelhead_adult_movement/figures/final_fates/met_ff_comp_median_plot.png>
Package pdftex.def Info: /Users/markusmin/Documents/CBR/CRB_steelhead_adult_movement/figures/final_fates/met_ff_comp_median_plot.png  used on input line 1582.
(pdftex.def)             Requested size: 469.75385pt x 469.75385pt.
</Users/markusmin/Documents/CBR/CRB_steelhead_adult_movement/figures/final_fates/oka_ff_comp_median_plot.png, id=714, 578.16pt x 578.16pt>
File: /Users/markusmin/Documents/CBR/CRB_steelhead_adult_movement/figures/final_fates/oka_ff_comp_median_plot.png Graphic file (type png)
<use /Users/markusmin/Documents/CBR/CRB_steelhead_adult_movement/figures/final_fates/oka_ff_comp_median_plot.png>
Package pdftex.def Info: /Users/markusmin/Documents/CBR/CRB_steelhead_adult_movement/figures/final_fates/oka_ff_comp_median_plot.png  used on input line 1591.
(pdftex.def)             Requested size: 469.75385pt x 469.75385pt.
</Users/markusmin/Documents/CBR/CRB_steelhead_adult_movement/figures/final_fates/tuc_ff_comp_median_plot.png, id=715, 578.16pt x 578.16pt>
File: /Users/markusmin/Documents/CBR/CRB_steelhead_adult_movement/figures/final_fates/tuc_ff_comp_median_plot.png Graphic file (type png)
<use /Users/markusmin/Documents/CBR/CRB_steelhead_adult_movement/figures/final_fates/tuc_ff_comp_median_plot.png>
Package pdftex.def Info: /Users/markusmin/Documents/CBR/CRB_steelhead_adult_movement/figures/final_fates/tuc_ff_comp_median_plot.png  used on input line 1600.
(pdftex.def)             Requested size: 469.75385pt x 469.75385pt.
[87 </Users/markusmin/Documents/CBR/CRB_steelhead_adult_movement/figures/final_fates/ent_ff_comp_median_plot.png>] [88 </Users/markusmin/Documents/CBR/CRB_steelhead_adult_movement/figures/final_fates/met_ff_comp_median_plot.png>] [89 </Users/markusmin/Documents/CBR/CRB_steelhead_adult_movement/figures/final_fates/oka_ff_comp_median_plot.png (PNG copy)>] [90 </Users/markusmin/Documents/CBR/CRB_steelhead_adult_movement/figures/final_fates/tuc_ff_comp_median_plot.png>]
</Users/markusmin/Documents/CBR/CRB_steelhead_adult_movement/figures/final_fates/cle_ff_comp_median_plot.png, id=741, 578.16pt x 578.16pt>
File: /Users/markusmin/Documents/CBR/CRB_steelhead_adult_movement/figures/final_fates/cle_ff_comp_median_plot.png Graphic file (type png)
<use /Users/markusmin/Documents/CBR/CRB_steelhead_adult_movement/figures/final_fates/cle_ff_comp_median_plot.png>
Package pdftex.def Info: /Users/markusmin/Documents/CBR/CRB_steelhead_adult_movement/figures/final_fates/cle_ff_comp_median_plot.png  used on input line 1616.
(pdftex.def)             Requested size: 469.75385pt x 469.75385pt.
</Users/markusmin/Documents/CBR/CRB_steelhead_adult_movement/figures/final_fates/aso_ff_comp_median_plot.png, id=742, 578.16pt x 578.16pt>
File: /Users/markusmin/Documents/CBR/CRB_steelhead_adult_movement/figures/final_fates/aso_ff_comp_median_plot.png Graphic file (type png)
<use /Users/markusmin/Documents/CBR/CRB_steelhead_adult_movement/figures/final_fates/aso_ff_comp_median_plot.png>
Package pdftex.def Info: /Users/markusmin/Documents/CBR/CRB_steelhead_adult_movement/figures/final_fates/aso_ff_comp_median_plot.png  used on input line 1625.
(pdftex.def)             Requested size: 469.75385pt x 469.75385pt.
</Users/markusmin/Documents/CBR/CRB_steelhead_adult_movement/figures/final_fates/gr_ff_comp_median_plot.png, id=743, 578.16pt x 578.16pt>
File: /Users/markusmin/Documents/CBR/CRB_steelhead_adult_movement/figures/final_fates/gr_ff_comp_median_plot.png Graphic file (type png)
<use /Users/markusmin/Documents/CBR/CRB_steelhead_adult_movement/figures/final_fates/gr_ff_comp_median_plot.png>
Package pdftex.def Info: /Users/markusmin/Documents/CBR/CRB_steelhead_adult_movement/figures/final_fates/gr_ff_comp_median_plot.png  used on input line 1641.
(pdftex.def)             Requested size: 469.75385pt x 469.75385pt.
[91 </Users/markusmin/Documents/CBR/CRB_steelhead_adult_movement/figures/final_fates/cle_ff_comp_median_plot.png>] [92 </Users/markusmin/Documents/CBR/CRB_steelhead_adult_movement/figures/final_fates/aso_ff_comp_median_plot.png>] [93 </Users/markusmin/Documents/CBR/CRB_steelhead_adult_movement/figures/final_fates/gr_ff_comp_median_plot.png (PNG copy)>]
</Users/markusmin/Documents/CBR/CRB_steelhead_adult_movement/figures/final_fates/sal_ff_comp_median_plot.png, id=763, 578.16pt x 578.16pt>
File: /Users/markusmin/Documents/CBR/CRB_steelhead_adult_movement/figures/final_fates/sal_ff_comp_median_plot.png Graphic file (type png)
<use /Users/markusmin/Documents/CBR/CRB_steelhead_adult_movement/figures/final_fates/sal_ff_comp_median_plot.png>
Package pdftex.def Info: /Users/markusmin/Documents/CBR/CRB_steelhead_adult_movement/figures/final_fates/sal_ff_comp_median_plot.png  used on input line 1657.
(pdftex.def)             Requested size: 469.75385pt x 469.75385pt.
</Users/markusmin/Documents/CBR/CRB_steelhead_adult_movement/figures/final_fates/imn_ff_comp_median_plot.png, id=764, 578.16pt x 578.16pt>
File: /Users/markusmin/Documents/CBR/CRB_steelhead_adult_movement/figures/final_fates/imn_ff_comp_median_plot.png Graphic file (type png)
<use /Users/markusmin/Documents/CBR/CRB_steelhead_adult_movement/figures/final_fates/imn_ff_comp_median_plot.png>
Package pdftex.def Info: /Users/markusmin/Documents/CBR/CRB_steelhead_adult_movement/figures/final_fates/imn_ff_comp_median_plot.png  used on input line 1666.
(pdftex.def)             Requested size: 469.75385pt x 469.75385pt.
</Users/markusmin/Documents/CBR/CRB_steelhead_adult_movement/figures/paper_figures/Fig5_deschutes_temp_movements.png, id=765, 578.16pt x 578.16pt>
File: /Users/markusmin/Documents/CBR/CRB_steelhead_adult_movement/figures/paper_figures/Fig5_deschutes_temp_movements.png Graphic file (type png)
<use /Users/markusmin/Documents/CBR/CRB_steelhead_adult_movement/figures/paper_figures/Fig5_deschutes_temp_movements.png>
Package pdftex.def Info: /Users/markusmin/Documents/CBR/CRB_steelhead_adult_movement/figures/paper_figures/Fig5_deschutes_temp_movements.png  used on input line 1676.
(pdftex.def)             Requested size: 469.75385pt x 469.75385pt.
</Users/markusmin/Documents/CBR/CRB_steelhead_adult_movement/figures/paper_figures/spill_volume/BON_spill_fallback.png, id=766, 722.7pt x 578.16pt>
File: /Users/markusmin/Documents/CBR/CRB_steelhead_adult_movement/figures/paper_figures/spill_volume/BON_spill_fallback.png Graphic file (type png)
<use /Users/markusmin/Documents/CBR/CRB_steelhead_adult_movement/figures/paper_figures/spill_volume/BON_spill_fallback.png>
Package pdftex.def Info: /Users/markusmin/Documents/CBR/CRB_steelhead_adult_movement/figures/paper_figures/spill_volume/BON_spill_fallback.png  used on input line 1695.
(pdftex.def)             Requested size: 469.76045pt x 375.80836pt.
</Users/markusmin/Documents/CBR/CRB_steelhead_adult_movement/figures/paper_figures/spill_volume/MCN_spill_fallback.png, id=767, 722.7pt x 963.6pt>
File: /Users/markusmin/Documents/CBR/CRB_steelhead_adult_movement/figures/paper_figures/spill_volume/MCN_spill_fallback.png Graphic file (type png)
<use /Users/markusmin/Documents/CBR/CRB_steelhead_adult_movement/figures/paper_figures/spill_volume/MCN_spill_fallback.png>
Package pdftex.def Info: /Users/markusmin/Documents/CBR/CRB_steelhead_adult_movement/figures/paper_figures/spill_volume/MCN_spill_fallback.png  used on input line 1709.
(pdftex.def)             Requested size: 469.76045pt x 626.34729pt.

LaTeX Warning: Float too large for page by 59.86171pt on input line 1719.

[94 </Users/markusmin/Documents/CBR/CRB_steelhead_adult_movement/figures/final_fates/sal_ff_comp_median_plot.png>] [95 </Users/markusmin/Documents/CBR/CRB_steelhead_adult_movement/figures/final_fates/imn_ff_comp_median_plot.png>] [96 </Users/markusmin/Documents/CBR/CRB_steelhead_adult_movement/figures/paper_figures/Fig5_deschutes_temp_movements.png (PNG copy)>] [97 </Users/markusmin/Documents/CBR/CRB_steelhead_adult_movement/figures/paper_figures/spill_volume/BON_spill_fallback.png>] [98 </Users/markusmin/Documents/CBR/CRB_steelhead_adult_movement/figures/paper_figures/spill_volume/MCN_spill_fallback.png>]
</Users/markusmin/Documents/CBR/CRB_steelhead_adult_movement/figures/paper_figures/spill_volume/ICH_spill_fallback.png, id=799, 722.7pt x 578.16pt>
File: /Users/markusmin/Documents/CBR/CRB_steelhead_adult_movement/figures/paper_figures/spill_volume/ICH_spill_fallback.png Graphic file (type png)
<use /Users/markusmin/Documents/CBR/CRB_steelhead_adult_movement/figures/paper_figures/spill_volume/ICH_spill_fallback.png>
Package pdftex.def Info: /Users/markusmin/Documents/CBR/CRB_steelhead_adult_movement/figures/paper_figures/spill_volume/ICH_spill_fallback.png  used on input line 1725.
(pdftex.def)             Requested size: 469.76045pt x 375.80836pt.
</Users/markusmin/Documents/CBR/CRB_steelhead_adult_movement/figures/paper_figures/spill_volume/LGR_spill_fallback.png, id=800, 722.7pt x 578.16pt>
File: /Users/markusmin/Documents/CBR/CRB_steelhead_adult_movement/figures/paper_figures/spill_volume/LGR_spill_fallback.png Graphic file (type png)
<use /Users/markusmin/Documents/CBR/CRB_steelhead_adult_movement/figures/paper_figures/spill_volume/LGR_spill_fallback.png>
Package pdftex.def Info: /Users/markusmin/Documents/CBR/CRB_steelhead_adult_movement/figures/paper_figures/spill_volume/LGR_spill_fallback.png  used on input line 1738.
(pdftex.def)             Requested size: 469.76045pt x 375.80836pt.
</Users/markusmin/Documents/CBR/CRB_steelhead_adult_movement/figures/alternative_spill_treatment/paper_figures/Fig6_spilldays_plot.png, id=801, 1156.32pt x 867.24pt>
File: /Users/markusmin/Documents/CBR/CRB_steelhead_adult_movement/figures/alternative_spill_treatment/paper_figures/Fig6_spilldays_plot.png Graphic file (type png)
<use /Users/markusmin/Documents/CBR/CRB_steelhead_adult_movement/figures/alternative_spill_treatment/paper_figures/Fig6_spilldays_plot.png>
Package pdftex.def Info: /Users/markusmin/Documents/CBR/CRB_steelhead_adult_movement/figures/alternative_spill_treatment/paper_figures/Fig6_spilldays_plot.png  used on input line 1758.
(pdftex.def)             Requested size: 469.75385pt x 352.31538pt.
</Users/markusmin/Documents/CBR/CRB_steelhead_adult_movement/figures/alternative_spill_treatment/paper_figures/Fig8_FF_cov_combined_plot_marchspill.png, id=802, 1156.32pt x 867.24pt>
File: /Users/markusmin/Documents/CBR/CRB_steelhead_adult_movement/figures/alternative_spill_treatment/paper_figures/Fig8_FF_cov_combined_plot_marchspill.png Graphic file (type png)
<use /Users/markusmin/Documents/CBR/CRB_steelhead_adult_movement/figures/alternative_spill_treatment/paper_figures/Fig8_FF_cov_combined_plot_marchspill.png>
Package pdftex.def Info: /Users/markusmin/Documents/CBR/CRB_steelhead_adult_movement/figures/alternative_spill_treatment/paper_figures/Fig8_FF_cov_combined_plot_marchspill.png  used on input line 1774.
(pdftex.def)             Requested size: 469.75385pt x 352.31538pt.
[99 </Users/markusmin/Documents/CBR/CRB_steelhead_adult_movement/figures/paper_figures/spill_volume/ICH_spill_fallback.png>] [100 </Users/markusmin/Documents/CBR/CRB_steelhead_adult_movement/figures/paper_figures/spill_volume/LGR_spill_fallback.png>] [101 </Users/markusmin/Documents/CBR/CRB_steelhead_adult_movement/figures/alternative_spill_treatment/paper_figures/Fig6_spilldays_plot.png (PNG copy)>] [102 </Users/markusmin/Documents/CBR/CRB_steelhead_adult_movement/figures/alternative_spill_treatment/paper_figures/Fig8_FF_cov_combined_plot_marchspill.png (PNG copy)>] (./Min_2025_supplement.aux)
 ***********
LaTeX2e <2023-11-01>
L3 programming layer <2023-12-11>
 ***********

LaTeX Warning: There were multiply-defined labels.

 ) 
Here is how much of TeX's memory you used:
 16089 strings out of 474175
 299243 string characters out of 5741141
 1990457 words of memory out of 5000000
 37750 multiletter control sequences out of 15000+600000
 609492 words of font info for 138 fonts, out of 8000000 for 9000
 1141 hyphenation exceptions out of 8191
 77i,9n,81p,1016b,548s stack positions out of 10000i,1000n,20000p,200000b,200000s
</Users/markusmin/Library/TinyTeX/texmf-dist/fonts/type1/public/lm/lmbx10.pfb></Users/markusmin/Library/TinyTeX/texmf-dist/fonts/type1/public/lm/lmbx12.pfb></Users/markusmin/Library/TinyTeX/texmf-dist/fonts/type1/public/lm/lmmi10.pfb></Users/markusmin/Library/TinyTeX/texmf-dist/fonts/type1/public/lm/lmmi7.pfb></Users/markusmin/Library/TinyTeX/texmf-dist/fonts/type1/public/lm/lmr10.pfb></Users/markusmin/Library/TinyTeX/texmf-dist/fonts/type1/public/lm/lmr12.pfb></Users/markusmin/Library/TinyTeX/texmf-dist/fonts/type1/public/lm/lmr17.pfb></Users/markusmin/Library/TinyTeX/texmf-dist/fonts/type1/public/lm/lmsy10.pfb>
Output written on Min_2025_supplement.pdf (102 pages, 15320144 bytes).
PDF statistics:
 965 PDF objects out of 1000 (max. 8388607)
 725 compressed objects within 8 object streams
 240 named destinations out of 1000 (max. 500000)
 27104 words of extra memory for PDF output out of 29859 (max. 10000000)

